{"content": {"suites": {"0": {"status": {"total_pass": 1, "total_skip": 0, "total_xpass": 0, "total_xfail": 0, "total_rerun": 0, "total_fail": 0, "total_error": 0}, "tests": {"0": {"status": "PASS", "message": "", "test_name": "test_RADIO24G_EDIT_RES_6", "rerun": "0"}}, "suite_name": "testcase/Group_3/Radio2GEdit/test_RADIO24G_EDIT_ACT_23458.py"}, "1": {"suite_name": "testcase/Group_3/Radio2GEdit/test_RADIO24G_EDIT_ACT_6.py", "tests": {"0": {"status": "PASS", "message": "", "test_name": "test_RADIO24G_EDIT_RES_6", "rerun": "0"}}, "status": {"total_pass": 1, "total_skip": 0, "total_xpass": 0, "total_xfail": 0, "total_rerun": 0, "total_fail": 0, "total_error": 0}}, "2": {"suite_name": "testcase/Group_3/Radio2GEdit/test_RADIO24G_EDIT_ACT_7.py", "tests": {"0": {"status": "PASS", "message": "", "test_name": "test_RADIO24G_EDIT_RES_6", "rerun": "0"}}, "status": {"total_pass": 1, "total_skip": 0, "total_xpass": 0, "total_xfail": 0, "total_rerun": 0, "total_fail": 0, "total_error": 0}}, "3": {"suite_name": "testcase/Group_3/Radio2GEdit/test_RADIO24G_EDIT_BAND_WITH_1_STAND_G_INVALID_2040MHz.py", "tests": {"0": {"status": "FAIL", "message": "       json.decoder.JSONDecodeError: Expecting value: line 1 column 1 (char 0)\n", "test_name": "test_RADIO24G_EDIT_RES_6", "rerun": "0"}}, "status": {"total_pass": 0, "total_skip": 0, "total_xpass": 0, "total_xfail": 0, "total_rerun": 0, "total_fail": 1, "total_error": 0}}, "4": {"suite_name": "testcase/Group_3/Radio2GEdit/test_RADIO24G_EDIT_BAND_WITH_1_STAND_G_INVALID_40MHz.py", "tests": {"0": {"status": "PASS", "message": "", "test_name": "test_RADIO24G_EDIT_RES_6", "rerun": "0"}}, "status": {"total_pass": 1, "total_skip": 0, "total_xpass": 0, "total_xfail": 0, "total_rerun": 0, "total_fail": 0, "total_error": 0}}, "5": {"suite_name": "testcase/Group_3/Radio2GEdit/test_RADIO24G_EDIT_BAND_WITH_1_STAND_G_VALID.py", "tests": {"0": {"status": "FAIL", "message": "           AssertionError: soft assertion failures:\n           1. [20MHz] Expected <20MHz> to be equal to <>, but was not.\n", "test_name": "test_RADIO24G_EDIT_RES_6", "rerun": "0"}}, "status": {"total_pass": 0, "total_skip": 0, "total_xpass": 0, "total_xfail": 0, "total_rerun": 0, "total_fail": 1, "total_error": 0}}, "6": {"suite_name": "testcase/Group_3/Radio2GEdit/test_RADIO24G_EDIT_BAND_WITH_1_STAND_NG_INVALID.py", "tests": {"0": {"status": "PASS", "message": "", "test_name": "test_RADIO24G_EDIT_RES_6", "rerun": "0"}}, "status": {"total_pass": 1, "total_skip": 0, "total_xpass": 0, "total_xfail": 0, "total_rerun": 0, "total_fail": 0, "total_error": 0}}, "7": {"suite_name": "testcase/Group_3/Radio2GEdit/test_RADIO24G_EDIT_BAND_WITH_1_STAND_NG_VALID.py", "tests": {"0": {"status": "FAIL", "message": "           AssertionError: soft assertion failures:\n           1. [20/40 MHz] Expected <20/40 MHz> to be equal to <20 MHz>, but was not.\n", "test_name": "test_RADIO24G_EDIT_RES_6", "rerun": "0"}}, "status": {"total_pass": 0, "total_skip": 0, "total_xpass": 0, "total_xfail": 0, "total_rerun": 0, "total_fail": 1, "total_error": 0}}, "8": {"suite_name": "testcase/Group_3/Radio2GEdit/test_RADIO24G_EDIT_BAND_WITH_3456.py", "tests": {"0": {"status": "PASS", "message": "", "test_name": "test_RADIO2G_EDIT_BANDWIDTH_1", "rerun": "0"}}, "status": {"total_pass": 1, "total_skip": 0, "total_xpass": 0, "total_xfail": 0, "total_rerun": 0, "total_fail": 0, "total_error": 0}}, "9": {"suite_name": "testcase/Group_3/Radio2GEdit/test_RADIO24G_EDIT_BAND_WITH_7.py", "tests": {"0": {"status": "PASS", "message": "", "test_name": "test_RADIO2G_EDIT_BANDWIDTH_1", "rerun": "0"}}, "status": {"total_pass": 1, "total_skip": 0, "total_xpass": 0, "total_xfail": 0, "total_rerun": 0, "total_fail": 0, "total_error": 0}}, "10": {"suite_name": "testcase/Group_3/Radio2GEdit/test_RADIO24G_EDIT_BAND_WITH_8.py", "tests": {"0": {"status": "PASS", "message": "", "test_name": "test_RADIO2G_EDIT_BANDWIDTH_1", "rerun": "0"}}, "status": {"total_pass": 1, "total_skip": 0, "total_xpass": 0, "total_xfail": 0, "total_rerun": 0, "total_fail": 0, "total_error": 0}}, "11": {"suite_name": "testcase/Group_3/Radio2GEdit/test_RADIO24G_EDIT_BAND_WITH_9.py", "tests": {"0": {"status": "PASS", "message": "", "test_name": "test_RADIO2G_EDIT_BANDWIDTH_1", "rerun": "0"}}, "status": {"total_pass": 1, "total_skip": 0, "total_xpass": 0, "total_xfail": 0, "total_rerun": 0, "total_fail": 0, "total_error": 0}}, "12": {"suite_name": "testcase/Group_3/Radio2GEdit/test_RADIO24G_EDIT_BOTH_1_STAND_G.py", "tests": {"0": {"status": "FAIL", "message": "           AssertionError: soft assertion failures:\n           1. [6] Expected <6> to be equal to <Auto>, but was not.\n           2. [9] Expected <9> to be equal to <None>, but was not.\n", "test_name": "test_RADIO24G_EDIT_RES_6", "rerun": "0"}}, "status": {"total_pass": 0, "total_skip": 0, "total_xpass": 0, "total_xfail": 0, "total_rerun": 0, "total_fail": 1, "total_error": 0}}, "13": {"suite_name": "testcase/Group_3/Radio2GEdit/test_RADIO24G_EDIT_BOTH_1_STAND_NG.py", "tests": {"0": {"status": "FAIL", "message": "           AssertionError: soft assertion failures:\n           1. [20/40 MHz] Expected <20/40 MHz> to be equal to <20 MHz>, but was not.\n", "test_name": "test_RADIO24G_EDIT_RES_6", "rerun": "0"}}, "status": {"total_pass": 0, "total_skip": 0, "total_xpass": 0, "total_xfail": 0, "total_rerun": 0, "total_fail": 1, "total_error": 0}}, "14": {"suite_name": "testcase/Group_3/Radio2GEdit/test_RADIO24G_EDIT_CHANNEL_1.py", "tests": {"0": {"status": "FAIL", "message": "           AssertionError: soft assertion failures:\n           1. [5] Expected <5> to be equal to <None>, but was not.\n", "test_name": "test_RADIO24G_EDIT_RES_6", "rerun": "0"}}, "status": {"total_pass": 0, "total_skip": 0, "total_xpass": 0, "total_xfail": 0, "total_rerun": 0, "total_fail": 1, "total_error": 0}}, "15": {"suite_name": "testcase/Group_3/Radio2GEdit/test_RADIO24G_EDIT_CHANNEL_23.py", "tests": {"0": {"status": "PASS", "message": "", "test_name": "test_RADIO2G_EDIT_CHANNEL_1", "rerun": "0"}}, "status": {"total_pass": 1, "total_skip": 0, "total_xpass": 0, "total_xfail": 0, "total_rerun": 0, "total_fail": 0, "total_error": 0}}, "16": {"suite_name": "testcase/Group_3/Radio2GEdit/test_RADIO24G_EDIT_CHANNEL_4.py", "tests": {"0": {"status": "PASS", "message": "", "test_name": "test_RADIO2G_EDIT_CHANNEL_1", "rerun": "0"}}, "status": {"total_pass": 1, "total_skip": 0, "total_xpass": 0, "total_xfail": 0, "total_rerun": 0, "total_fail": 0, "total_error": 0}}, "17": {"suite_name": "testcase/Group_3/Radio2GEdit/test_RADIO24G_EDIT_CHANNEL_5.py", "tests": {"0": {"status": "PASS", "message": "", "test_name": "test_RADIO2G_EDIT_CHANNEL_1", "rerun": "0"}}, "status": {"total_pass": 1, "total_skip": 0, "total_xpass": 0, "total_xfail": 0, "total_rerun": 0, "total_fail": 0, "total_error": 0}}, "18": {"suite_name": "testcase/Group_3/Radio2GEdit/test_RADIO24G_EDIT_CHANNEL_6.py", "tests": {"0": {"status": "PASS", "message": "", "test_name": "test_RADIO2G_EDIT_CHANNEL_1", "rerun": "0"}}, "status": {"total_pass": 1, "total_skip": 0, "total_xpass": 0, "total_xfail": 0, "total_rerun": 0, "total_fail": 0, "total_error": 0}}, "19": {"suite_name": "testcase/Group_3/Radio2GEdit/test_RADIO24G_EDIT_MISS_ATTB.py", "tests": {"0": {"status": "PASS", "message": "", "test_name": "test_RADIO24G_EDIT_RES_6", "rerun": "0"}}, "status": {"total_pass": 1, "total_skip": 0, "total_xpass": 0, "total_xfail": 0, "total_rerun": 0, "total_fail": 0, "total_error": 0}}, "20": {"suite_name": "testcase/Group_3/Radio2GEdit/test_RADIO24G_EDIT_MISS_ATTB_CHANNEL_OR_BW.py", "tests": {"0": {"status": "PASS", "message": "", "test_name": "test_RADIO24G_EDIT_RES_6", "rerun": "0"}}, "status": {"total_pass": 1, "total_skip": 0, "total_xpass": 0, "total_xfail": 0, "total_rerun": 0, "total_fail": 0, "total_error": 0}}, "21": {"suite_name": "testcase/Group_3/Radio2GEdit/test_RADIO24G_EDIT_MISS_REQID.py", "tests": {"0": {"status": "ERROR", "message": "request = <SubRequest 'login' for <Function test_RADIO24G_EDIT_RES_6>>\n\n    @pytest.fixture(autouse=False, scope=\"class\")\n    def login(request):\n        \"\"\"\n        Description: Login to MESH AP via API\n        - If mode Mesh is FACTORY --> Login and Create New Mesh Default --> Return Cookie\n        - If Mode Mesh is CAP, and SSIDName is not Default SSID --> First Reset Factory, Then Login and Create new mesh default --> return Cookie\n        - If Mode Mesh is CAP, and SSIDName is Default SSID --> Only Login  --> Return Cookie\n        \"\"\"\n        # print(\"START LOGIN\")\n        serialClt = Serial_Lib()\n        meshCreateClt = meshCreateClient()\n        ClientSes = openssesionClient()\n        LoginClt = LoginClient()\n        cookie = \"\"\n    \n        passGuiDefault = utl.md5_encrypt(cfg.STR_ENCRYPT, \"00000006\")\n        modeMesh = serialClt.Get_Mode_Mesh()\n>       SSIDName = serialClt.Get_SSID_Name(cfg.WIFI_INT_5G)\n\ntestcase\\conftest.py:89: \n_ _ _ _ _ _ _ _ _ _ _ _ _ _ _ _ _ _ _ _ _ _ _ _ _ _ _ _ _ _ _ _ _ _ _ _ _ _ _ _ _ _ _ _ _ _ _ _ _ _ _ _ _ _ _ _ _ _ _ _ _ _ _ _ _ _ _ _ _ _ _ _ _ _ _ _ _ _ _ _ _ _ _ _ _ _ _ _ _ _ _ _ _ _ _ _ _ _ _ _ _ _ _ _ _ _ _ _ _ _ _ _ _ _ _ _ _ \n\nself = <base.SerialLib.Serial_Lib object at 0x0000016CAA70EC70>, interface = 'ra0'\n\n    def Get_SSID_Name(self, interface):\n        ssidName = ''\n        ssidNameLine = ''\n        cmd = f'iwconfig {interface} | grep ESSID'\n        output = self.Get_Ouput_From_Command(cmd, 5)\n    \n        for idx, line in enumerate(output):\n            if \"ESSID:\" in line.decode('utf8'):\n                ssidNameLine = output[idx].decode('utf8')\n                break\n>       ssidName = ssidNameLine.split(\"ESSID:\")[1].split('\"')[1]\nE       IndexError: list index out of range\n\nbase\\SerialLib.py:111: IndexError\n", "test_name": "test_RADIO24G_EDIT_RES_6", "rerun": "0"}}, "status": {"total_pass": 0, "total_skip": 0, "total_xpass": 0, "total_xfail": 0, "total_rerun": 0, "total_fail": 0, "total_error": 1}}, "22": {"suite_name": "testcase/Group_3/Radio2GEdit/test_RADIO24G_EDIT_REQID_1.py", "tests": {"0": {"status": "PASS", "message": "", "test_name": "test_RADIO24G_EDIT_RES_6", "rerun": "0"}}, "status": {"total_pass": 1, "total_skip": 0, "total_xpass": 0, "total_xfail": 0, "total_rerun": 0, "total_fail": 0, "total_error": 0}}, "23": {"suite_name": "testcase/Group_3/Radio2GEdit/test_RADIO24G_EDIT_REQID_2345.py", "tests": {"0": {"status": "ERROR", "message": "request = <SubRequest 'login' for <Function test_RADIO24G_EDIT_RES_6>>\n\n    @pytest.fixture(autouse=False, scope=\"class\")\n    def login(request):\n        \"\"\"\n        Description: Login to MESH AP via API\n        - If mode Mesh is FACTORY --> Login and Create New Mesh Default --> Return Cookie\n        - If Mode Mesh is CAP, and SSIDName is not Default SSID --> First Reset Factory, Then Login and Create new mesh default --> return Cookie\n        - If Mode Mesh is CAP, and SSIDName is Default SSID --> Only Login  --> Return Cookie\n        \"\"\"\n        # print(\"START LOGIN\")\n        serialClt = Serial_Lib()\n        meshCreateClt = meshCreateClient()\n        ClientSes = openssesionClient()\n        LoginClt = LoginClient()\n        cookie = \"\"\n    \n        passGuiDefault = utl.md5_encrypt(cfg.STR_ENCRYPT, \"00000006\")\n        modeMesh = serialClt.Get_Mode_Mesh()\n>       SSIDName = serialClt.Get_SSID_Name(cfg.WIFI_INT_5G)\n\ntestcase\\conftest.py:89: \n_ _ _ _ _ _ _ _ _ _ _ _ _ _ _ _ _ _ _ _ _ _ _ _ _ _ _ _ _ _ _ _ _ _ _ _ _ _ _ _ _ _ _ _ _ _ _ _ _ _ _ _ _ _ _ _ _ _ _ _ _ _ _ _ _ _ _ _ _ _ _ _ _ _ _ _ _ _ _ _ _ _ _ _ _ _ _ _ _ _ _ _ _ _ _ _ _ _ _ _ _ _ _ _ _ _ _ _ _ _ _ _ _ _ _ _ _ \n\nself = <base.SerialLib.Serial_Lib object at 0x0000016CAA6C19A0>, interface = 'ra0'\n\n    def Get_SSID_Name(self, interface):\n        ssidName = ''\n        ssidNameLine = ''\n        cmd = f'iwconfig {interface} | grep ESSID'\n        output = self.Get_Ouput_From_Command(cmd, 5)\n    \n        for idx, line in enumerate(output):\n            if \"ESSID:\" in line.decode('utf8'):\n                ssidNameLine = output[idx].decode('utf8')\n                break\n>       ssidName = ssidNameLine.split(\"ESSID:\")[1].split('\"')[1]\nE       IndexError: list index out of range\n\nbase\\SerialLib.py:111: IndexError\n", "test_name": "test_RADIO24G_EDIT_RES_6", "rerun": "0"}}, "status": {"total_pass": 0, "total_skip": 0, "total_xpass": 0, "total_xfail": 0, "total_rerun": 0, "total_fail": 0, "total_error": 1}}, "24": {"suite_name": "testcase/Group_3/Radio2GEdit/test_RADIO24G_EDIT_RES_1.py", "tests": {"0": {"status": "PASS", "message": "", "test_name": "test_RADIO24G_EDIT_RES_6", "rerun": "0"}}, "status": {"total_pass": 1, "total_skip": 0, "total_xpass": 0, "total_xfail": 0, "total_rerun": 0, "total_fail": 0, "total_error": 0}}, "25": {"suite_name": "testcase/Group_3/Radio2GEdit/test_RADIO24G_EDIT_RES_2.py", "tests": {"0": {"status": "PASS", "message": "", "test_name": "test_RADIO24G_EDIT_RES_6", "rerun": "0"}}, "status": {"total_pass": 1, "total_skip": 0, "total_xpass": 0, "total_xfail": 0, "total_rerun": 0, "total_fail": 0, "total_error": 0}}, "26": {"suite_name": "testcase/Group_3/Radio2GEdit/test_RADIO24G_EDIT_RES_3.py", "tests": {"0": {"status": "PASS", "message": "", "test_name": "test_RADIO24G_EDIT_RES_6", "rerun": "0"}}, "status": {"total_pass": 1, "total_skip": 0, "total_xpass": 0, "total_xfail": 0, "total_rerun": 0, "total_fail": 0, "total_error": 0}}, "27": {"suite_name": "testcase/Group_3/Radio5GEdit/test_RADIO5G_EDIT_ACT_1.py", "tests": {"0": {"status": "PASS", "message": "", "test_name": "test_RADIO5G_EDIT_RES_6", "rerun": "0"}}, "status": {"total_pass": 1, "total_skip": 0, "total_xpass": 0, "total_xfail": 0, "total_rerun": 0, "total_fail": 0, "total_error": 0}}, "28": {"suite_name": "testcase/Group_3/Radio5GEdit/test_RADIO5G_EDIT_ACT_23458.py", "tests": {"0": {"status": "PASS", "message": "", "test_name": "test_RADIO5G_EDIT_RES_6", "rerun": "0"}}, "status": {"total_pass": 1, "total_skip": 0, "total_xpass": 0, "total_xfail": 0, "total_rerun": 0, "total_fail": 0, "total_error": 0}}, "29": {"suite_name": "testcase/Group_3/Radio5GEdit/test_RADIO5G_EDIT_ACT_6.py", "tests": {"0": {"status": "PASS", "message": "", "test_name": "test_RADIO5G_EDIT_RES_6", "rerun": "0"}}, "status": {"total_pass": 1, "total_skip": 0, "total_xpass": 0, "total_xfail": 0, "total_rerun": 0, "total_fail": 0, "total_error": 0}}, "30": {"suite_name": "testcase/Group_3/Radio5GEdit/test_RADIO5G_EDIT_ACT_7.py", "tests": {"0": {"status": "PASS", "message": "", "test_name": "test_RADIO5G_EDIT_RES_6", "rerun": "0"}}, "status": {"total_pass": 1, "total_skip": 0, "total_xpass": 0, "total_xfail": 0, "total_rerun": 0, "total_fail": 0, "total_error": 0}}, "31": {"suite_name": "testcase/Group_3/Radio5GEdit/test_RADIO5G_EDIT_BANDWIDTH_1_STAND_11AC_CH165_InValid.py", "tests": {"0": {"status": "PASS", "message": "", "test_name": "test_RADIO5G_EDIT_BW_1", "rerun": "0"}}, "status": {"total_pass": 1, "total_skip": 0, "total_xpass": 0, "total_xfail": 0, "total_rerun": 0, "total_fail": 0, "total_error": 0}}, "32": {"suite_name": "testcase/Group_3/Radio5GEdit/test_RADIO5G_EDIT_BANDWIDTH_1_STAND_11AC_CH165_Valid.py", "tests": {"0": {"status": "PASS", "message": "", "test_name": "test_RADIO5G_EDIT_BW_1", "rerun": "0"}}, "status": {"total_pass": 1, "total_skip": 0, "total_xpass": 0, "total_xfail": 0, "total_rerun": 0, "total_fail": 0, "total_error": 0}}, "33": {"suite_name": "testcase/Group_3/Radio5GEdit/test_RADIO5G_EDIT_BANDWIDTH_1_STAND_11AC_Valid.py", "tests": {"0": {"status": "PASS", "message": "", "test_name": "test_RADIO5G_EDIT_BW_1", "rerun": "0"}}, "status": {"total_pass": 1, "total_skip": 0, "total_xpass": 0, "total_xfail": 0, "total_rerun": 0, "total_fail": 0, "total_error": 0}}, "34": {"suite_name": "testcase/Group_3/Radio5GEdit/test_RADIO5G_EDIT_BANDWIDTH_1_STAND_11A_InValid.py", "tests": {"0": {"status": "PASS", "message": "", "test_name": "test_RADIO5G_EDIT_BW_1", "rerun": "0"}}, "status": {"total_pass": 1, "total_skip": 0, "total_xpass": 0, "total_xfail": 0, "total_rerun": 0, "total_fail": 0, "total_error": 0}}, "35": {"suite_name": "testcase/Group_3/Radio5GEdit/test_RADIO5G_EDIT_BANDWIDTH_1_STAND_11A_Valid.py", "tests": {"0": {"status": "PASS", "message": "", "test_name": "test_RADIO5G_EDIT_BW_1", "rerun": "0"}}, "status": {"total_pass": 1, "total_skip": 0, "total_xpass": 0, "total_xfail": 0, "total_rerun": 0, "total_fail": 0, "total_error": 0}}, "36": {"suite_name": "testcase/Group_3/Radio5GEdit/test_RADIO5G_EDIT_BANDWIDTH_1_STAND_11NA_CH165_InValid.py", "tests": {"0": {"status": "PASS", "message": "", "test_name": "test_RADIO5G_EDIT_BW_1", "rerun": "0"}}, "status": {"total_pass": 1, "total_skip": 0, "total_xpass": 0, "total_xfail": 0, "total_rerun": 0, "total_fail": 0, "total_error": 0}}, "37": {"suite_name": "testcase/Group_3/Radio5GEdit/test_RADIO5G_EDIT_BANDWIDTH_1_STAND_11NA_CH165_Valid.py", "tests": {"0": {"status": "PASS", "message": "", "test_name": "test_RADIO5G_EDIT_BW_1", "rerun": "0"}}, "status": {"total_pass": 1, "total_skip": 0, "total_xpass": 0, "total_xfail": 0, "total_rerun": 0, "total_fail": 0, "total_error": 0}}, "38": {"suite_name": "testcase/Group_3/Radio5GEdit/test_RADIO5G_EDIT_BANDWIDTH_1_STAND_11NA_InValid.py", "tests": {"0": {"status": "PASS", "message": "", "test_name": "test_RADIO5G_EDIT_BW_1", "rerun": "0"}}, "status": {"total_pass": 1, "total_skip": 0, "total_xpass": 0, "total_xfail": 0, "total_rerun": 0, "total_fail": 0, "total_error": 0}}, "39": {"suite_name": "testcase/Group_3/Radio5GEdit/test_RADIO5G_EDIT_BANDWIDTH_1_STAND_11NA_Valid.py", "tests": {"0": {"status": "PASS", "message": "", "test_name": "test_RADIO5G_EDIT_BW_1", "rerun": "0"}}, "status": {"total_pass": 1, "total_skip": 0, "total_xpass": 0, "total_xfail": 0, "total_rerun": 0, "total_fail": 0, "total_error": 0}}, "40": {"suite_name": "testcase/Group_3/Radio5GEdit/test_RADIO5G_EDIT_BANDWIDTH_6789.py", "tests": {"0": {"status": "PASS", "message": "", "test_name": "test_RADIO5G_EDIT_BW_1", "rerun": "0"}}, "status": {"total_pass": 1, "total_skip": 0, "total_xpass": 0, "total_xfail": 0, "total_rerun": 0, "total_fail": 0, "total_error": 0}}, "41": {"suite_name": "testcase/Group_3/Radio5GEdit/test_RADIO5G_EDIT_BOTH_1_STAND_11A.py", "tests": {"0": {"status": "FAIL", "message": "   selenium.common.exceptions.StaleElementReferenceException: Message: stale element reference: element is not attached to the page document\n     (Session info: chrome=107.0.5304.88)\n       Exception: Element cannot clickable!\n       Message: stale element reference: element is not attached to the page document\n         (Session info: chrome=107.0.5304.88)\n", "test_name": "test_radio5G_EDIT_RES_6", "rerun": "0"}}, "status": {"total_pass": 0, "total_skip": 0, "total_xpass": 0, "total_xfail": 0, "total_rerun": 0, "total_fail": 1, "total_error": 0}}, "42": {"suite_name": "testcase/Group_3/Radio5GEdit/test_RADIO5G_EDIT_BOTH_1_STAND_11AC.py", "tests": {"0": {"status": "FAIL", "message": "           AssertionError: soft assertion failures:\n           1. [40] Expected <40> to be equal to <Auto>, but was not.\n", "test_name": "test_radio5G_EDIT_RES_6", "rerun": "0"}}, "status": {"total_pass": 0, "total_skip": 0, "total_xpass": 0, "total_xfail": 0, "total_rerun": 0, "total_fail": 1, "total_error": 0}}, "43": {"suite_name": "testcase/Group_3/Radio5GEdit/test_RADIO5G_EDIT_BOTH_1_STAND_11NA.py", "tests": {"0": {"status": "FAIL", "message": "       selenium.common.exceptions.UnexpectedAlertPresentException: Alert Text: Please reconnect wifi!\n       Message: unexpected alert open: {Alert text : Please reconnect wifi!}\n         (Session info: chrome=107.0.5304.88)\n       Exception: Element cannot clickable!\n       Alert Text: Please reconnect wifi!\n       Message: unexpected alert open: {Alert text : Please reconnect wifi!}\n         (Session info: chrome=107.0.5304.88)\n", "test_name": "test_radio5G_EDIT_RES_6", "rerun": "0"}}, "status": {"total_pass": 0, "total_skip": 0, "total_xpass": 0, "total_xfail": 0, "total_rerun": 0, "total_fail": 1, "total_error": 0}}, "44": {"suite_name": "testcase/Group_3/Radio5GEdit/test_RADIO5G_EDIT_CHANNEL_1.py", "tests": {"0": {"status": "FAIL", "message": "   selenium.common.exceptions.ElementClickInterceptedException: Message: element click intercepted: Element <a id=\"sub61\" class=\"smallmenuLink\" style=\"font-size: 15px; color: rgb(245, 166, 35);\" href=\"#\" onclick=\"loadpage('VNPT_Radio.html');clicksubsubmenu('sub61');  \" title=\"Radio\">...</a> is not clickable at point (180, 266). Other element would receive the click: <img id=\"image_router\" style=\"cursor:hand; width: 400; margin-top: -450px;margin-left: -220px;\" src=\"images/iconrouter.png?1668490513681\" onclick=\"Showdetail(1);\">\n     (Session info: chrome=107.0.5304.88)\n       Exception: Element cannot clickable!\n       Message: element click intercepted: Element <a id=\"sub61\" class=\"smallmenuLink\" style=\"font-size: 15px; color: rgb(245, 166, 35);\" href=\"#\" onclick=\"loadpage('VNPT_Radio.html');clicksubsubmenu('sub61');  \" title=\"Radio\">...</a> is not clickable at point (180, 266). Other element would receive the click: <img id=\"image_router\" style=\"cursor:hand; width: 400; margin-top: -450px;margin-left: -220px;\" src=\"images/iconrouter.png?1668490513681\" onclick=\"Showdetail(1);\">\n         (Session info: chrome=107.0.5304.88)\n", "test_name": "test_RADIO24G_EDIT_CHANNEL_1", "rerun": "0"}}, "status": {"total_pass": 0, "total_skip": 0, "total_xpass": 0, "total_xfail": 0, "total_rerun": 0, "total_fail": 1, "total_error": 0}}, "45": {"suite_name": "testcase/Group_3/Radio5GEdit/test_RADIO5G_EDIT_CHANNEL_234.py", "tests": {"0": {"status": "PASS", "message": "", "test_name": "test_RADIO24G_EDIT_CHANNEL_1", "rerun": "0"}}, "status": {"total_pass": 1, "total_skip": 0, "total_xpass": 0, "total_xfail": 0, "total_rerun": 0, "total_fail": 0, "total_error": 0}}, "46": {"suite_name": "testcase/Group_3/Radio5GEdit/test_RADIO5G_EDIT_CHANNEL_5.py", "tests": {"0": {"status": "PASS", "message": "", "test_name": "test_RADIO24G_EDIT_CHANNEL_1", "rerun": "0"}}, "status": {"total_pass": 1, "total_skip": 0, "total_xpass": 0, "total_xfail": 0, "total_rerun": 0, "total_fail": 0, "total_error": 0}}, "47": {"suite_name": "testcase/Group_3/Radio5GEdit/test_RADIO5G_EDIT_CHANNEL_6.py", "tests": {"0": {"status": "PASS", "message": "", "test_name": "test_RADIO24G_EDIT_CHANNEL_1", "rerun": "0"}}, "status": {"total_pass": 1, "total_skip": 0, "total_xpass": 0, "total_xfail": 0, "total_rerun": 0, "total_fail": 0, "total_error": 0}}, "48": {"suite_name": "testcase/Group_3/Radio5GEdit/test_RADIO5G_EDIT_MISS_ATTB.py", "tests": {"0": {"status": "PASS", "message": "", "test_name": "test_RADIO5G_EDIT_RES_6", "rerun": "0"}}, "status": {"total_pass": 1, "total_skip": 0, "total_xpass": 0, "total_xfail": 0, "total_rerun": 0, "total_fail": 0, "total_error": 0}}, "49": {"suite_name": "testcase/Group_3/Radio5GEdit/test_RADIO5G_EDIT_MISS_ATTB_CHANNEL_BW.py", "tests": {"0": {"status": "PASS", "message": "", "test_name": "test_RADIO5G_EDIT_RES_6", "rerun": "0"}}, "status": {"total_pass": 1, "total_skip": 0, "total_xpass": 0, "total_xfail": 0, "total_rerun": 0, "total_fail": 0, "total_error": 0}}, "50": {"suite_name": "testcase/Group_3/Radio5GEdit/test_RADIO5G_EDIT_MISS_REQID.py", "tests": {"0": {"status": "ERROR", "message": "request = <SubRequest 'login' for <Function test_RADIO5G_EDIT_RES_6>>\n\n    @pytest.fixture(autouse=False, scope=\"class\")\n    def login(request):\n        \"\"\"\n        Description: Login to MESH AP via API\n        - If mode Mesh is FACTORY --> Login and Create New Mesh Default --> Return Cookie\n        - If Mode Mesh is CAP, and SSIDName is not Default SSID --> First Reset Factory, Then Login and Create new mesh default --> return Cookie\n        - If Mode Mesh is CAP, and SSIDName is Default SSID --> Only Login  --> Return Cookie\n        \"\"\"\n        # print(\"START LOGIN\")\n        serialClt = Serial_Lib()\n        meshCreateClt = meshCreateClient()\n        ClientSes = openssesionClient()\n        LoginClt = LoginClient()\n        cookie = \"\"\n    \n        passGuiDefault = utl.md5_encrypt(cfg.STR_ENCRYPT, \"00000006\")\n        modeMesh = serialClt.Get_Mode_Mesh()\n>       SSIDName = serialClt.Get_SSID_Name(cfg.WIFI_INT_5G)\n\ntestcase\\conftest.py:89: \n_ _ _ _ _ _ _ _ _ _ _ _ _ _ _ _ _ _ _ _ _ _ _ _ _ _ _ _ _ _ _ _ _ _ _ _ _ _ _ _ _ _ _ _ _ _ _ _ _ _ _ _ _ _ _ _ _ _ _ _ _ _ _ _ _ _ _ _ _ _ _ _ _ _ _ _ _ _ _ _ _ _ _ _ _ _ _ _ _ _ _ _ _ _ _ _ _ _ _ _ _ _ _ _ _ _ _ _ _ _ _ _ _ _ _ _ _ \n\nself = <base.SerialLib.Serial_Lib object at 0x0000016CAA8F4BB0>, interface = 'ra0'\n\n    def Get_SSID_Name(self, interface):\n        ssidName = ''\n        ssidNameLine = ''\n        cmd = f'iwconfig {interface} | grep ESSID'\n        output = self.Get_Ouput_From_Command(cmd, 5)\n    \n        for idx, line in enumerate(output):\n            if \"ESSID:\" in line.decode('utf8'):\n                ssidNameLine = output[idx].decode('utf8')\n                break\n>       ssidName = ssidNameLine.split(\"ESSID:\")[1].split('\"')[1]\nE       IndexError: list index out of range\n\nbase\\SerialLib.py:111: IndexError\n", "test_name": "test_RADIO5G_EDIT_RES_6", "rerun": "0"}}, "status": {"total_pass": 0, "total_skip": 0, "total_xpass": 0, "total_xfail": 0, "total_rerun": 0, "total_fail": 0, "total_error": 1}}, "51": {"suite_name": "testcase/Group_3/Radio5GEdit/test_RADIO5G_EDIT_REQID_1.py", "tests": {"0": {"status": "PASS", "message": "", "test_name": "test_RADIO24G_EDIT_RES_6", "rerun": "0"}}, "status": {"total_pass": 1, "total_skip": 0, "total_xpass": 0, "total_xfail": 0, "total_rerun": 0, "total_fail": 0, "total_error": 0}}, "52": {"suite_name": "testcase/Group_3/Radio5GEdit/test_RADIO5G_EDIT_REQID_23456.py", "tests": {"0": {"status": "ERROR", "message": "request = <SubRequest 'login' for <Function test_RADIO24G_EDIT_RES_6>>\n\n    @pytest.fixture(autouse=False, scope=\"class\")\n    def login(request):\n        \"\"\"\n        Description: Login to MESH AP via API\n        - If mode Mesh is FACTORY --> Login and Create New Mesh Default --> Return Cookie\n        - If Mode Mesh is CAP, and SSIDName is not Default SSID --> First Reset Factory, Then Login and Create new mesh default --> return Cookie\n        - If Mode Mesh is CAP, and SSIDName is Default SSID --> Only Login  --> Return Cookie\n        \"\"\"\n        # print(\"START LOGIN\")\n        serialClt = Serial_Lib()\n        meshCreateClt = meshCreateClient()\n        ClientSes = openssesionClient()\n        LoginClt = LoginClient()\n        cookie = \"\"\n    \n        passGuiDefault = utl.md5_encrypt(cfg.STR_ENCRYPT, \"00000006\")\n        modeMesh = serialClt.Get_Mode_Mesh()\n>       SSIDName = serialClt.Get_SSID_Name(cfg.WIFI_INT_5G)\n\ntestcase\\conftest.py:89: \n_ _ _ _ _ _ _ _ _ _ _ _ _ _ _ _ _ _ _ _ _ _ _ _ _ _ _ _ _ _ _ _ _ _ _ _ _ _ _ _ _ _ _ _ _ _ _ _ _ _ _ _ _ _ _ _ _ _ _ _ _ _ _ _ _ _ _ _ _ _ _ _ _ _ _ _ _ _ _ _ _ _ _ _ _ _ _ _ _ _ _ _ _ _ _ _ _ _ _ _ _ _ _ _ _ _ _ _ _ _ _ _ _ _ _ _ _ \n\nself = <base.SerialLib.Serial_Lib object at 0x0000016CAA7ACFA0>, interface = 'ra0'\n\n    def Get_SSID_Name(self, interface):\n        ssidName = ''\n        ssidNameLine = ''\n        cmd = f'iwconfig {interface} | grep ESSID'\n        output = self.Get_Ouput_From_Command(cmd, 5)\n    \n        for idx, line in enumerate(output):\n            if \"ESSID:\" in line.decode('utf8'):\n                ssidNameLine = output[idx].decode('utf8')\n                break\n>       ssidName = ssidNameLine.split(\"ESSID:\")[1].split('\"')[1]\nE       IndexError: list index out of range\n\nbase\\SerialLib.py:111: IndexError\n", "test_name": "test_RADIO24G_EDIT_RES_6", "rerun": "0"}}, "status": {"total_pass": 0, "total_skip": 0, "total_xpass": 0, "total_xfail": 0, "total_rerun": 0, "total_fail": 0, "total_error": 1}}, "53": {"suite_name": "testcase/Group_3/Radio5GEdit/test_RADIO5G_EDIT_RES_1.py", "tests": {"0": {"status": "PASS", "message": "", "test_name": "test_RADIO5G_EDIT_RES_6", "rerun": "0"}}, "status": {"total_pass": 1, "total_skip": 0, "total_xpass": 0, "total_xfail": 0, "total_rerun": 0, "total_fail": 0, "total_error": 0}}, "54": {"suite_name": "testcase/Group_3/Radio5GEdit/test_RADIO5G_EDIT_RES_2.py", "tests": {"0": {"status": "PASS", "message": "", "test_name": "test_RADIO5G_EDIT_RES_6", "rerun": "0"}}, "status": {"total_pass": 1, "total_skip": 0, "total_xpass": 0, "total_xfail": 0, "total_rerun": 0, "total_fail": 0, "total_error": 0}}, "55": {"suite_name": "testcase/Group_3/Radio5GEdit/test_RADIO5G_EDIT_RES_3.py", "tests": {"0": {"status": "PASS", "message": "", "test_name": "test_RADIO5G_EDIT_RES_6", "rerun": "0"}}, "status": {"total_pass": 1, "total_skip": 0, "total_xpass": 0, "total_xfail": 0, "total_rerun": 0, "total_fail": 0, "total_error": 0}}, "56": {"suite_name": "testcase/Group_3/Radio5GView/test_RADIO5GVIEW_RESULT_1.py", "tests": {"0": {"status": "SKIP", "message": "('E:\\\\Auto_WorkingTesting\\\\Auto_API_MESH\\\\testcase\\\\Radio5GView\\\\test_RADIO5GVIEW_RESULT_1.py', 20, 'Skipped: This element is alway Enable')\n", "test_name": "test_RADIO_5G_ACT_1", "rerun": "0"}}, "status": {"total_pass": 0, "total_skip": 0, "total_xpass": 0, "total_xfail": 0, "total_rerun": 0, "total_fail": 0, "total_error": 0}}, "57": {"suite_name": "testcase/Group_3/Radio5GView/test_RADIO5GVIEW_RESULT_2.py", "tests": {"0": {"status": "PASS", "message": "", "test_name": "test_RADIO_5G_ACT_1", "rerun": "0"}}, "status": {"total_pass": 1, "total_skip": 0, "total_xpass": 0, "total_xfail": 0, "total_rerun": 0, "total_fail": 0, "total_error": 0}}, "58": {"suite_name": "testcase/Group_3/Radio5GView/test_RADIO5GVIEW_RESULT_3.py", "tests": {"0": {"status": "FAIL", "message": "       selenium.common.exceptions.UnexpectedAlertPresentException: Alert Text: Device is being configured by a different IP: relogin\n       Message: unexpected alert open: {Alert text : Device is being configured by a different IP: relogin}\n         (Session info: chrome=107.0.5304.88)\n       Exception: Element cannot clickable!\n       Alert Text: Device is being configured by a different IP: relogin\n       Message: unexpected alert open: {Alert text : Device is being configured by a different IP: relogin}\n         (Session info: chrome=107.0.5304.88)\n", "test_name": "test_RADIO_5G_BANDWIDTH_1", "rerun": "0"}}, "status": {"total_pass": 0, "total_skip": 0, "total_xpass": 0, "total_xfail": 0, "total_rerun": 0, "total_fail": 1, "total_error": 0}}, "59": {"suite_name": "testcase/Group_3/Radio5GView/test_RADIO5GVIEW_RESULT_4.py", "tests": {"0": {"status": "FAIL", "message": "       selenium.common.exceptions.UnexpectedAlertPresentException: Alert Text: Device is being configured by a different IP: relogin\n       Message: unexpected alert open: {Alert text : Device is being configured by a different IP: relogin}\n         (Session info: chrome=107.0.5304.88)\n       Exception: Element cannot clickable!\n       Alert Text: Device is being configured by a different IP: relogin\n       Message: unexpected alert open: {Alert text : Device is being configured by a different IP: relogin}\n         (Session info: chrome=107.0.5304.88)\n", "test_name": "test_RADIO_5G_CHANNEL_1", "rerun": "0"}}, "status": {"total_pass": 0, "total_skip": 0, "total_xpass": 0, "total_xfail": 0, "total_rerun": 0, "total_fail": 1, "total_error": 0}}, "60": {"suite_name": "testcase/Group_3/Radio5GView/test_RADIO_5G_ACT_1.py", "tests": {"0": {"status": "PASS", "message": "", "test_name": "test_RADIO_5G_ACT_1", "rerun": "0"}}, "status": {"total_pass": 1, "total_skip": 0, "total_xpass": 0, "total_xfail": 0, "total_rerun": 0, "total_fail": 0, "total_error": 0}}, "61": {"suite_name": "testcase/Group_3/Radio5GView/test_RADIO_5G_ACT_2.py", "tests": {"0": {"status": "PASS", "message": "", "test_name": "test_RADIO_5G_ACT_1", "rerun": "0"}}, "status": {"total_pass": 1, "total_skip": 0, "total_xpass": 0, "total_xfail": 0, "total_rerun": 0, "total_fail": 0, "total_error": 0}}, "62": {"suite_name": "testcase/Group_3/Radio5GView/test_RADIO_5G_ACT_3.py", "tests": {"0": {"status": "PASS", "message": "", "test_name": "test_RADIO_5G_ACT_1", "rerun": "0"}}, "status": {"total_pass": 1, "total_skip": 0, "total_xpass": 0, "total_xfail": 0, "total_rerun": 0, "total_fail": 0, "total_error": 0}}, "63": {"suite_name": "testcase/Group_3/Radio5GView/test_RADIO_5G_ACT_4.py", "tests": {"0": {"status": "PASS", "message": "", "test_name": "test_RADIO_5G_ACT_1", "rerun": "0"}}, "status": {"total_pass": 1, "total_skip": 0, "total_xpass": 0, "total_xfail": 0, "total_rerun": 0, "total_fail": 0, "total_error": 0}}, "64": {"suite_name": "testcase/Group_3/Radio5GView/test_RADIO_5G_ACT_5.py", "tests": {"0": {"status": "PASS", "message": "", "test_name": "test_RADIO_5G_ACT_1", "rerun": "0"}}, "status": {"total_pass": 1, "total_skip": 0, "total_xpass": 0, "total_xfail": 0, "total_rerun": 0, "total_fail": 0, "total_error": 0}}, "65": {"suite_name": "testcase/Group_3/Radio5GView/test_RADIO_5G_ACT_6.py", "tests": {"0": {"status": "PASS", "message": "", "test_name": "test_RADIO_5G_ACT_6", "rerun": "0"}}, "status": {"total_pass": 1, "total_skip": 0, "total_xpass": 0, "total_xfail": 0, "total_rerun": 0, "total_fail": 0, "total_error": 0}}, "66": {"suite_name": "testcase/Group_3/Radio5GView/test_RADIO_5G_ACT_7.py", "tests": {"0": {"status": "PASS", "message": "", "test_name": "test_RADIO_5G_ACT_6", "rerun": "0"}}, "status": {"total_pass": 1, "total_skip": 0, "total_xpass": 0, "total_xfail": 0, "total_rerun": 0, "total_fail": 0, "total_error": 0}}, "67": {"suite_name": "testcase/Group_3/Radio5GView/test_RADIO_5G_ACT_8.py", "tests": {"0": {"status": "PASS", "message": "", "test_name": "test_RADIO_5G_ACT_6", "rerun": "0"}}, "status": {"total_pass": 1, "total_skip": 0, "total_xpass": 0, "total_xfail": 0, "total_rerun": 0, "total_fail": 0, "total_error": 0}}, "68": {"suite_name": "testcase/Group_3/Radio5GView/test_RADIO_5G_MISS_ATTB.py", "tests": {"0": {"status": "PASS", "message": "", "test_name": "test_RADIO_5G_ACT_1", "rerun": "0"}}, "status": {"total_pass": 1, "total_skip": 0, "total_xpass": 0, "total_xfail": 0, "total_rerun": 0, "total_fail": 0, "total_error": 0}}, "69": {"suite_name": "testcase/Group_3/Radio5GView/test_RADIO_5G_MISS_REQID.py", "tests": {"0": {"status": "PASS", "message": "", "test_name": "test_RADIO_5G_ACT_1", "rerun": "0"}}, "status": {"total_pass": 1, "total_skip": 0, "total_xpass": 0, "total_xfail": 0, "total_rerun": 0, "total_fail": 0, "total_error": 0}}, "70": {"suite_name": "testcase/Group_3/Radio5GView/test_RADIO_5G_REQID_1.py", "tests": {"0": {"status": "PASS", "message": "", "test_name": "test_RADIO_5G_REQID_1", "rerun": "0"}}, "status": {"total_pass": 1, "total_skip": 0, "total_xpass": 0, "total_xfail": 0, "total_rerun": 0, "total_fail": 0, "total_error": 0}}, "71": {"suite_name": "testcase/Group_3/Radio5GView/test_RADIO_5G_REQID_2.py", "tests": {"0": {"status": "PASS", "message": "", "test_name": "test_RADIO_5G_REQID_2", "rerun": "0"}}, "status": {"total_pass": 1, "total_skip": 0, "total_xpass": 0, "total_xfail": 0, "total_rerun": 0, "total_fail": 0, "total_error": 0}}, "72": {"suite_name": "testcase/Group_3/Radio5GView/test_RADIO_5G_REQID_3.py", "tests": {"0": {"status": "PASS", "message": "", "test_name": "test_RADIO_5G_REQID_3", "rerun": "0"}}, "status": {"total_pass": 1, "total_skip": 0, "total_xpass": 0, "total_xfail": 0, "total_rerun": 0, "total_fail": 0, "total_error": 0}}, "73": {"suite_name": "testcase/Group_3/Radio5GView/test_RADIO_5G_REQID_4.py", "tests": {"0": {"status": "PASS", "message": "", "test_name": "test_RADIO_5G_REQID_4", "rerun": "0"}}, "status": {"total_pass": 1, "total_skip": 0, "total_xpass": 0, "total_xfail": 0, "total_rerun": 0, "total_fail": 0, "total_error": 0}}, "74": {"suite_name": "testcase/Group_3/Radio5GView/test_RADIO_5G_REQID_5.py", "tests": {"0": {"status": "PASS", "message": "", "test_name": "test_RADIO_5G_REQID_5", "rerun": "0"}}, "status": {"total_pass": 1, "total_skip": 0, "total_xpass": 0, "total_xfail": 0, "total_rerun": 0, "total_fail": 0, "total_error": 0}}, "75": {"suite_name": "testcase/Group_3/Radio5GView/test_RADIO_5G_REQID_6.py", "tests": {"0": {"status": "PASS", "message": "", "test_name": "test_RADIO_5G_REQID_5", "rerun": "0"}}, "status": {"total_pass": 1, "total_skip": 0, "total_xpass": 0, "total_xfail": 0, "total_rerun": 0, "total_fail": 0, "total_error": 0}}, "76": {"suite_name": "testcase/Group_3/Radio5GView/test_RADIO_5G_RES_1.py", "tests": {"0": {"status": "PASS", "message": "", "test_name": "test_RADIO_5G_RES_1", "rerun": "0"}}, "status": {"total_pass": 1, "total_skip": 0, "total_xpass": 0, "total_xfail": 0, "total_rerun": 0, "total_fail": 0, "total_error": 0}}, "77": {"suite_name": "testcase/Group_3/Radio5GView/test_RADIO_5G_RES_2.py", "tests": {"0": {"status": "PASS", "message": "", "test_name": "test_RADIO_5G_RES_1", "rerun": "0"}}, "status": {"total_pass": 1, "total_skip": 0, "total_xpass": 0, "total_xfail": 0, "total_rerun": 0, "total_fail": 0, "total_error": 0}}, "78": {"suite_name": "testcase/Group_3/Radio5GView/test_RADIO_5G_RES_3.py", "tests": {"0": {"status": "PASS", "message": "", "test_name": "test_RADIO_5G_RES_1", "rerun": "0"}}, "status": {"total_pass": 1, "total_skip": 0, "total_xpass": 0, "total_xfail": 0, "total_rerun": 0, "total_fail": 0, "total_error": 0}}, "79": {"suite_name": "testcase/Group_3/Ssid2GEdit/test_SSID2G_EDIT_GUEST_NAME_1.py", "tests": {"0": {"status": "FAIL", "message": "E   AssertionError: soft assertion failures:\nE   1. [STATUS IN GUI] Expected <True> to be equal to <False>, but was not.\nE   2. [SSID NAME IN GUI] Expected <e> to be equal to <>, but was not.\nE   3. [PASS IN GUI] Expected <0987654321_16589> to be equal to <>, but was not.\n", "test_name": "test_ssid24GEdit_RES_1", "rerun": "0"}}, "status": {"total_pass": 0, "total_skip": 0, "total_xpass": 0, "total_xfail": 0, "total_rerun": 0, "total_fail": 1, "total_error": 0}}, "80": {"suite_name": "testcase/Group_3/Ssid2GEdit/test_SSID2G_EDIT_GUEST_PASS_1.py", "tests": {"0": {"status": "FAIL", "message": "   selenium.common.exceptions.ElementClickInterceptedException: Message: element click intercepted: Element <a class=\"smallmenuLink\" id=\"sub64\" style=\"font-size: 15px; color: rgb(56, 69, 94);\" href=\"#\" onclick=\"if (globalEnv == 'enterprise') {loadpage('VNPT_Enterprise_GUEST_SSID.html')} else {loadpage('VNPT_CAP_GUEST_SSID.html')};clicksubsubmenu('sub64');  \" title=\"Guest SSID\">...</a> is not clickable at point (180, 350). Other element would receive the click: <img id=\"image_router\" style=\"cursor:hand; width: 400; margin-top: -450px;margin-left: -220px;\" src=\"images/iconrouter.png?1668494835128\" onclick=\"Showdetail(1);\">\n     (Session info: chrome=107.0.5304.88)\n       Exception: Element cannot clickable!\n       Message: element click intercepted: Element <a class=\"smallmenuLink\" id=\"sub64\" style=\"font-size: 15px; color: rgb(56, 69, 94);\" href=\"#\" onclick=\"if (globalEnv == 'enterprise') {loadpage('VNPT_Enterprise_GUEST_SSID.html')} else {loadpage('VNPT_CAP_GUEST_SSID.html')};clicksubsubmenu('sub64');  \" title=\"Guest SSID\">...</a> is not clickable at point (180, 350). Other element would receive the click: <img id=\"image_router\" style=\"cursor:hand; width: 400; margin-top: -450px;margin-left: -220px;\" src=\"images/iconrouter.png?1668494835128\" onclick=\"Showdetail(1);\">\n         (Session info: chrome=107.0.5304.88)\n", "test_name": "test_ssid24GEdit_RES_1", "rerun": "0"}}, "status": {"total_pass": 0, "total_skip": 0, "total_xpass": 0, "total_xfail": 0, "total_rerun": 0, "total_fail": 1, "total_error": 0}}, "81": {"suite_name": "testcase/Group_3/Ssid2GEdit/test_SSID2G_EDIT_MAIN_NAME_1.py", "tests": {"0": {"status": "FAIL", "message": "E   AssertionError: soft assertion failures:\nE   1. Expected <5> to be equal to <>, but was not.\nE   2. Expected <0987654321_12715> to be equal to <>, but was not.\n", "test_name": "test_ssid2GEdit_RES_1", "rerun": "0"}}, "status": {"total_pass": 0, "total_skip": 0, "total_xpass": 0, "total_xfail": 0, "total_rerun": 0, "total_fail": 1, "total_error": 0}}, "82": {"suite_name": "testcase/Group_3/Ssid2GEdit/test_SSID2G_EDIT_MAIN_NAME_23456.py", "tests": {"0": {"status": "PASS", "message": "", "test_name": "test_ssid2GEdit_RES_1", "rerun": "0"}}, "status": {"total_pass": 1, "total_skip": 0, "total_xpass": 0, "total_xfail": 0, "total_rerun": 0, "total_fail": 0, "total_error": 0}}, "83": {"suite_name": "testcase/Group_3/Ssid2GEdit/test_SSID2G_EDIT_MAIN_PASS_1.py", "tests": {"0": {"status": "PASS", "message": "", "test_name": "test_ssid2GEdit_RES_1", "rerun": "0"}}, "status": {"total_pass": 1, "total_skip": 0, "total_xpass": 0, "total_xfail": 0, "total_rerun": 0, "total_fail": 0, "total_error": 0}}, "84": {"suite_name": "testcase/Group_3/Ssid2GEdit/test_SSID2G_EDIT_MAIN_PASS_23456.py", "tests": {"0": {"status": "PASS", "message": "", "test_name": "test_ssid24GEdit_RES_1", "rerun": "0"}}, "status": {"total_pass": 1, "total_skip": 0, "total_xpass": 0, "total_xfail": 0, "total_rerun": 0, "total_fail": 0, "total_error": 0}}, "85": {"suite_name": "testcase/Group_3/Ssid2GEdit/test_SSID2G_EDIT_MAIN_PASS_346.py", "tests": {"0": {"status": "PASS", "message": "", "test_name": "test_ssid24GEdit_RES_1", "rerun": "0"}}, "status": {"total_pass": 1, "total_skip": 0, "total_xpass": 0, "total_xfail": 0, "total_rerun": 0, "total_fail": 0, "total_error": 0}}, "86": {"suite_name": "testcase/Group_3/Ssid2GEdit/test_SSID2G_EDIT_MAIN_PASS_5.py", "tests": {"0": {"status": "PASS", "message": "", "test_name": "test_ssid24GEdit_RES_1", "rerun": "0"}}, "status": {"total_pass": 1, "total_skip": 0, "total_xpass": 0, "total_xfail": 0, "total_rerun": 0, "total_fail": 0, "total_error": 0}}, "87": {"suite_name": "testcase/Group_3/Ssid2GEdit/test_SSID2G_EDIT_RESULT_1_MODE_pass.py", "tests": {"0": {"status": "PASS", "message": "", "test_name": "test_ssid24GEdit_RES_1", "rerun": "0"}}, "status": {"total_pass": 1, "total_skip": 0, "total_xpass": 0, "total_xfail": 0, "total_rerun": 0, "total_fail": 0, "total_error": 0}}, "88": {"suite_name": "testcase/Group_3/Ssid2GEdit/test_SSID2G_EDIT_RESULT_2_MODE_open_Enable_true.py", "tests": {"0": {"status": "PASS", "message": "", "test_name": "test_ssid24GEdit_RES_1", "rerun": "0"}}, "status": {"total_pass": 1, "total_skip": 0, "total_xpass": 0, "total_xfail": 0, "total_rerun": 0, "total_fail": 0, "total_error": 0}}, "89": {"suite_name": "testcase/Group_3/Ssid2GEdit/test_SSID2G_EDIT_RESULT_3_MODE_open_Enable_false.py", "tests": {"0": {"status": "PASS", "message": "", "test_name": "test_ssid24GEdit_RES_1", "rerun": "0"}}, "status": {"total_pass": 1, "total_skip": 0, "total_xpass": 0, "total_xfail": 0, "total_rerun": 0, "total_fail": 0, "total_error": 0}}, "90": {"suite_name": "testcase/Group_3/Ssid2GEdit/test_SSID2G_EDIT_RESULT_4_MODE_pass_Enable_true.py", "tests": {"0": {"status": "PASS", "message": "", "test_name": "test_ssid24GEdit_RES_1", "rerun": "0"}}, "status": {"total_pass": 1, "total_skip": 0, "total_xpass": 0, "total_xfail": 0, "total_rerun": 0, "total_fail": 0, "total_error": 0}}, "91": {"suite_name": "testcase/Group_3/Ssid2GEdit/test_SSID2G_EDIT_RESULT_5_MODE_pass_Enable_false.py", "tests": {"0": {"status": "PASS", "message": "", "test_name": "test_ssid24GEdit_RES_1", "rerun": "0"}}, "status": {"total_pass": 1, "total_skip": 0, "total_xpass": 0, "total_xfail": 0, "total_rerun": 0, "total_fail": 0, "total_error": 0}}, "92": {"suite_name": "testcase/Group_3/Ssid2GEdit/test_SSID2G_EDIT_RESULT_6_MODE_open.py", "tests": {"0": {"status": "PASS", "message": "", "test_name": "test_ssid24GEdit_RES_1", "rerun": "0"}}, "status": {"total_pass": 1, "total_skip": 0, "total_xpass": 0, "total_xfail": 0, "total_rerun": 0, "total_fail": 0, "total_error": 0}}, "93": {"suite_name": "testcase/Group_3/Ssid2GEdit/test_SSID2G_EDIT_RES_1.py", "tests": {"0": {"status": "PASS", "message": "", "test_name": "test_ssid2GEdit_RES_1", "rerun": "0"}}, "status": {"total_pass": 1, "total_skip": 0, "total_xpass": 0, "total_xfail": 0, "total_rerun": 0, "total_fail": 0, "total_error": 0}}, "94": {"suite_name": "testcase/Group_3/Ssid2GEdit/test_SSID5G_EDIT_RESULT_7.py", "tests": {"0": {"status": "PASS", "message": "", "test_name": "test_ssid24GEdit_RES_1", "rerun": "0"}}, "status": {"total_pass": 1, "total_skip": 0, "total_xpass": 0, "total_xfail": 0, "total_rerun": 0, "total_fail": 0, "total_error": 0}}, "95": {"suite_name": "testcase/Group_3/Ssid2GView/test_SSID2GVIEW_ACT_1.py", "tests": {"0": {"status": "PASS", "message": "", "test_name": "test_ssid24GView_RES_1", "rerun": "0"}}, "status": {"total_pass": 1, "total_skip": 0, "total_xpass": 0, "total_xfail": 0, "total_rerun": 0, "total_fail": 0, "total_error": 0}}, "96": {"suite_name": "testcase/Group_3/Ssid2GView/test_SSID2GVIEW_ACT_2345.py", "tests": {"0": {"status": "PASS", "message": "", "test_name": "test_ssid24GView_ACT_2345", "rerun": "0"}}, "status": {"total_pass": 1, "total_skip": 0, "total_xpass": 0, "total_xfail": 0, "total_rerun": 0, "total_fail": 0, "total_error": 0}}, "97": {"suite_name": "testcase/Group_3/Ssid2GView/test_SSID2GVIEW_ACT_678.py", "tests": {"0": {"status": "PASS", "message": "", "test_name": "test_ssid24GView_ACT_678", "rerun": "0"}}, "status": {"total_pass": 1, "total_skip": 0, "total_xpass": 0, "total_xfail": 0, "total_rerun": 0, "total_fail": 0, "total_error": 0}}, "98": {"suite_name": "testcase/Group_3/Ssid2GView/test_SSID2GVIEW_MISS_ATTB.py", "tests": {"0": {"status": "FAIL", "message": "           AssertionError: soft assertion failures:\n           1. [MESSAGE ERROR] Expected <Miss Attribute> to be equal to <Miss Atrribute>, but was not.\n", "test_name": "test_ssid24GView_miss_ATTB", "rerun": "0"}}, "status": {"total_pass": 0, "total_skip": 0, "total_xpass": 0, "total_xfail": 0, "total_rerun": 0, "total_fail": 1, "total_error": 0}}, "99": {"suite_name": "testcase/Group_3/Ssid2GView/test_SSID2GVIEW_MISS_REQID.py", "tests": {"0": {"status": "PASS", "message": "", "test_name": "test_ssid24GView_miss_REQID", "rerun": "0"}}, "status": {"total_pass": 1, "total_skip": 0, "total_xpass": 0, "total_xfail": 0, "total_rerun": 0, "total_fail": 0, "total_error": 0}}, "100": {"suite_name": "testcase/Group_3/Ssid2GView/test_SSID2GVIEW_REQID_1.py", "tests": {"0": {"status": "PASS", "message": "", "test_name": "test_ssid24GView_reqID_1", "rerun": "0"}}, "status": {"total_pass": 1, "total_skip": 0, "total_xpass": 0, "total_xfail": 0, "total_rerun": 0, "total_fail": 0, "total_error": 0}}, "101": {"suite_name": "testcase/Group_3/Ssid2GView/test_SSID2GVIEW_REQID_23456.py", "tests": {"0": {"status": "PASS", "message": "", "test_name": "test_ssid24GView_reqID_23456", "rerun": "0"}}, "status": {"total_pass": 1, "total_skip": 0, "total_xpass": 0, "total_xfail": 0, "total_rerun": 0, "total_fail": 0, "total_error": 0}}, "102": {"suite_name": "testcase/Group_3/Ssid2GView/test_SSID2GVIEW_RES_1.py", "tests": {"0": {"status": "PASS", "message": "", "test_name": "test_ssid24GView_RES_1", "rerun": "0"}}, "status": {"total_pass": 1, "total_skip": 0, "total_xpass": 0, "total_xfail": 0, "total_rerun": 0, "total_fail": 0, "total_error": 0}}, "103": {"suite_name": "testcase/Group_3/Ssid2GView/test_SSID2GVIEW_RES_2.py", "tests": {"0": {"status": "PASS", "message": "", "test_name": "test_ssid24GView_RES_2", "rerun": "0"}}, "status": {"total_pass": 1, "total_skip": 0, "total_xpass": 0, "total_xfail": 0, "total_rerun": 0, "total_fail": 0, "total_error": 0}}, "104": {"suite_name": "testcase/Group_3/Ssid2GView/test_SSID2GVIEW_RES_3.py", "tests": {"0": {"status": "PASS", "message": "", "test_name": "test_ssid24GView_RES_3", "rerun": "0"}}, "status": {"total_pass": 1, "total_skip": 0, "total_xpass": 0, "total_xfail": 0, "total_rerun": 0, "total_fail": 0, "total_error": 0}}, "105": {"suite_name": "testcase/Group_3/Ssid5GEdit/test_SSID5G_EDIT_GUEST_NAME_1.py", "tests": {"0": {"status": "FAIL", "message": "       selenium.common.exceptions.UnexpectedAlertPresentException: Alert Text: Please reconnect wifi!\n       Message: unexpected alert open: {Alert text : Please reconnect wifi!}\n         (Session info: chrome=107.0.5304.88)\n       Exception: Element cannot clickable!\n       Alert Text: Please reconnect wifi!\n       Message: unexpected alert open: {Alert text : Please reconnect wifi!}\n         (Session info: chrome=107.0.5304.88)\n", "test_name": "test_ssid5GEdit_RES_1", "rerun": "0"}}, "status": {"total_pass": 0, "total_skip": 0, "total_xpass": 0, "total_xfail": 0, "total_rerun": 0, "total_fail": 1, "total_error": 0}}, "106": {"suite_name": "testcase/Group_3/Ssid5GEdit/test_SSID5G_EDIT_GUEST_PASS_1.py", "tests": {"0": {"status": "PASS", "message": "", "test_name": "test_ssid5GEdit_RES_1", "rerun": "0"}}, "status": {"total_pass": 1, "total_skip": 0, "total_xpass": 0, "total_xfail": 0, "total_rerun": 0, "total_fail": 0, "total_error": 0}}, "107": {"suite_name": "testcase/Group_3/Ssid5GEdit/test_SSID5G_EDIT_MAIN_NAME_1.py", "tests": {"0": {"status": "FAIL", "message": "E   AssertionError: soft assertion failures:\nE   1. Expected <wireless@ hec> to be equal to <>, but was not.\nE   2. Expected <0987654321_3351> to be equal to <>, but was not.\n", "test_name": "test_ssid5GEdit_RES_1", "rerun": "0"}}, "status": {"total_pass": 0, "total_skip": 0, "total_xpass": 0, "total_xfail": 0, "total_rerun": 0, "total_fail": 1, "total_error": 0}}, "108": {"suite_name": "testcase/Group_3/Ssid5GEdit/test_SSID5G_EDIT_MAIN_NAME_23456.py", "tests": {"0": {"status": "PASS", "message": "", "test_name": "test_ssid5GEdit_RES_1", "rerun": "0"}}, "status": {"total_pass": 1, "total_skip": 0, "total_xpass": 0, "total_xfail": 0, "total_rerun": 0, "total_fail": 0, "total_error": 0}}, "109": {"suite_name": "testcase/Group_3/Ssid5GEdit/test_SSID5G_EDIT_MAIN_PASS_1.py", "tests": {"0": {"status": "PASS", "message": "", "test_name": "test_ssid5GEdit_RES_1", "rerun": "0"}}, "status": {"total_pass": 1, "total_skip": 0, "total_xpass": 0, "total_xfail": 0, "total_rerun": 0, "total_fail": 0, "total_error": 0}}, "110": {"suite_name": "testcase/Group_3/Ssid5GEdit/test_SSID5G_EDIT_MAIN_PASS_23456.py", "tests": {"0": {"status": "PASS", "message": "", "test_name": "test_ssid5GEdit_RES_1", "rerun": "0"}}, "status": {"total_pass": 1, "total_skip": 0, "total_xpass": 0, "total_xfail": 0, "total_rerun": 0, "total_fail": 0, "total_error": 0}}, "111": {"suite_name": "testcase/Group_3/Ssid5GEdit/test_SSID5G_EDIT_MAIN_PASS_346.py", "tests": {"0": {"status": "PASS", "message": "", "test_name": "test_ssid5GEdit_RES_1", "rerun": "0"}}, "status": {"total_pass": 1, "total_skip": 0, "total_xpass": 0, "total_xfail": 0, "total_rerun": 0, "total_fail": 0, "total_error": 0}}, "112": {"suite_name": "testcase/Group_3/Ssid5GEdit/test_SSID5G_EDIT_MAIN_PASS_5.py", "tests": {"0": {"status": "PASS", "message": "", "test_name": "test_ssid5GEdit_RES_1", "rerun": "0"}}, "status": {"total_pass": 1, "total_skip": 0, "total_xpass": 0, "total_xfail": 0, "total_rerun": 0, "total_fail": 0, "total_error": 0}}, "113": {"suite_name": "testcase/Group_3/Ssid5GEdit/test_SSID5G_EDIT_RESULT_1_MODE_pass.py", "tests": {"0": {"status": "PASS", "message": "", "test_name": "test_ssid5GEdit_RES_1", "rerun": "0"}}, "status": {"total_pass": 1, "total_skip": 0, "total_xpass": 0, "total_xfail": 0, "total_rerun": 0, "total_fail": 0, "total_error": 0}}, "114": {"suite_name": "testcase/Group_3/Ssid5GEdit/test_SSID5G_EDIT_RESULT_2_MODE_open_Enable_true.py", "tests": {"0": {"status": "PASS", "message": "", "test_name": "test_ssid5GEdit_RES_1", "rerun": "0"}}, "status": {"total_pass": 1, "total_skip": 0, "total_xpass": 0, "total_xfail": 0, "total_rerun": 0, "total_fail": 0, "total_error": 0}}, "115": {"suite_name": "testcase/Group_3/Ssid5GEdit/test_SSID5G_EDIT_RESULT_3_MODE_open_Enable_false.py", "tests": {"0": {"status": "PASS", "message": "", "test_name": "test_ssid5GEdit_RES_1", "rerun": "0"}}, "status": {"total_pass": 1, "total_skip": 0, "total_xpass": 0, "total_xfail": 0, "total_rerun": 0, "total_fail": 0, "total_error": 0}}, "116": {"suite_name": "testcase/Group_3/Ssid5GEdit/test_SSID5G_EDIT_RESULT_4_MODE_pass_Enable_true.py", "tests": {"0": {"status": "FAIL", "message": "       selenium.common.exceptions.UnexpectedAlertPresentException: Alert Text: Please reconnect wifi!\n       Message: unexpected alert open: {Alert text : Please reconnect wifi!}\n         (Session info: chrome=107.0.5304.88)\n       Exception: Element cannot clickable!\n       Alert Text: Please reconnect wifi!\n       Message: unexpected alert open: {Alert text : Please reconnect wifi!}\n         (Session info: chrome=107.0.5304.88)\n", "test_name": "test_ssid5GEdit_RES_1", "rerun": "0"}}, "status": {"total_pass": 0, "total_skip": 0, "total_xpass": 0, "total_xfail": 0, "total_rerun": 0, "total_fail": 1, "total_error": 0}}, "117": {"suite_name": "testcase/Group_3/Ssid5GEdit/test_SSID5G_EDIT_RESULT_5_MODE_pass_Enable_false.py", "tests": {"0": {"status": "PASS", "message": "", "test_name": "test_ssid5GEdit_RES_1", "rerun": "0"}}, "status": {"total_pass": 1, "total_skip": 0, "total_xpass": 0, "total_xfail": 0, "total_rerun": 0, "total_fail": 0, "total_error": 0}}, "118": {"suite_name": "testcase/Group_3/Ssid5GEdit/test_SSID5G_EDIT_RESULT_6_MODE_open.py", "tests": {"0": {"status": "PASS", "message": "", "test_name": "test_ssid5GEdit_RES_1", "rerun": "0"}}, "status": {"total_pass": 1, "total_skip": 0, "total_xpass": 0, "total_xfail": 0, "total_rerun": 0, "total_fail": 0, "total_error": 0}}, "119": {"suite_name": "testcase/Group_3/Ssid5GEdit/test_SSID5G_EDIT_RESULT_7.py", "tests": {"0": {"status": "PASS", "message": "", "test_name": "test_ssid5GEdit_RES_1", "rerun": "0"}}, "status": {"total_pass": 1, "total_skip": 0, "total_xpass": 0, "total_xfail": 0, "total_rerun": 0, "total_fail": 0, "total_error": 0}}, "120": {"suite_name": "testcase/Group_3/Ssid5GEdit/test_SSID5G_EDIT_RES_1.py", "tests": {"0": {"status": "PASS", "message": "", "test_name": "test_ssid5GEdit_RES_1", "rerun": "0"}}, "status": {"total_pass": 1, "total_skip": 0, "total_xpass": 0, "total_xfail": 0, "total_rerun": 0, "total_fail": 0, "total_error": 0}}, "121": {"suite_name": "testcase/Group_3/Ssid5GView/test_SSID5GVIEW_ACT_1.py", "tests": {"0": {"status": "PASS", "message": "", "test_name": "test_ssid5GView_RES_1", "rerun": "0"}}, "status": {"total_pass": 1, "total_skip": 0, "total_xpass": 0, "total_xfail": 0, "total_rerun": 0, "total_fail": 0, "total_error": 0}}, "122": {"suite_name": "testcase/Group_3/Ssid5GView/test_SSID5GVIEW_ACT_2345.py", "tests": {"0": {"status": "PASS", "message": "", "test_name": "test_ssid5GView_ACT_2345", "rerun": "0"}}, "status": {"total_pass": 1, "total_skip": 0, "total_xpass": 0, "total_xfail": 0, "total_rerun": 0, "total_fail": 0, "total_error": 0}}, "123": {"suite_name": "testcase/Group_3/Ssid5GView/test_SSID5GVIEW_ACT_678.py", "tests": {"0": {"status": "PASS", "message": "", "test_name": "test_ssid5GView_ACT_678", "rerun": "0"}}, "status": {"total_pass": 1, "total_skip": 0, "total_xpass": 0, "total_xfail": 0, "total_rerun": 0, "total_fail": 0, "total_error": 0}}, "124": {"suite_name": "testcase/Group_3/Ssid5GView/test_SSID5GVIEW_MISS_ATTB.py", "tests": {"0": {"status": "FAIL", "message": "           AssertionError: soft assertion failures:\n           1. [MESSAGE ERROR] Expected <Miss Attribute> to be equal to <Miss Atrribute>, but was not.\n", "test_name": "test_ssid5GView_miss_ATTB", "rerun": "0"}}, "status": {"total_pass": 0, "total_skip": 0, "total_xpass": 0, "total_xfail": 0, "total_rerun": 0, "total_fail": 1, "total_error": 0}}, "125": {"suite_name": "testcase/Group_3/Ssid5GView/test_SSID5GVIEW_MISS_REQID.py", "tests": {"0": {"status": "PASS", "message": "", "test_name": "test_ssid5GView_miss_ATTB", "rerun": "0"}}, "status": {"total_pass": 1, "total_skip": 0, "total_xpass": 0, "total_xfail": 0, "total_rerun": 0, "total_fail": 0, "total_error": 0}}, "126": {"suite_name": "testcase/Group_3/Ssid5GView/test_SSID5GVIEW_REQID_1.py", "tests": {"0": {"status": "PASS", "message": "", "test_name": "test_ssid5GView_ACT_2345", "rerun": "0"}}, "status": {"total_pass": 1, "total_skip": 0, "total_xpass": 0, "total_xfail": 0, "total_rerun": 0, "total_fail": 0, "total_error": 0}}, "127": {"suite_name": "testcase/Group_3/Ssid5GView/test_SSID5GVIEW_REQID_23456.py", "tests": {"0": {"status": "PASS", "message": "", "test_name": "test_ssid5GView_ACT_2345", "rerun": "0"}}, "status": {"total_pass": 1, "total_skip": 0, "total_xpass": 0, "total_xfail": 0, "total_rerun": 0, "total_fail": 0, "total_error": 0}}, "128": {"suite_name": "testcase/Group_3/Ssid5GView/test_SSID5GVIEW_RES_1.py", "tests": {"0": {"status": "PASS", "message": "", "test_name": "test_ssid5GView_RES_1", "rerun": "0"}}, "status": {"total_pass": 1, "total_skip": 0, "total_xpass": 0, "total_xfail": 0, "total_rerun": 0, "total_fail": 0, "total_error": 0}}, "129": {"suite_name": "testcase/Group_3/Ssid5GView/test_SSID5GVIEW_RES_2.py", "tests": {"0": {"status": "PASS", "message": "", "test_name": "test_ssid5GView_RES_1", "rerun": "0"}}, "status": {"total_pass": 1, "total_skip": 0, "total_xpass": 0, "total_xfail": 0, "total_rerun": 0, "total_fail": 0, "total_error": 0}}, "130": {"suite_name": "testcase/Group_3/Ssid5GView/test_SSID5GVIEW_RES_3.py", "tests": {"0": {"status": "PASS", "message": "", "test_name": "test_ssid5GView_RES_1", "rerun": "0"}}, "status": {"total_pass": 1, "total_skip": 0, "total_xpass": 0, "total_xfail": 0, "total_rerun": 0, "total_fail": 0, "total_error": 0}}, "131": {"suite_name": "testcase/Group_3/WanCreate/test_WAN_CREATE_EXCEPTION_10.py", "tests": {"0": {"status": "PASS", "message": "", "test_name": "test_WAN_CREATE_RES_1", "rerun": "0"}}, "status": {"total_pass": 1, "total_skip": 0, "total_xpass": 0, "total_xfail": 0, "total_rerun": 0, "total_fail": 0, "total_error": 0}}, "132": {"suite_name": "testcase/Group_3/WanCreate/test_WAN_CREATE_EXCEPTION_1_1.py", "tests": {"0": {"status": "PASS", "message": "", "test_name": "test_WAN_CREATE_RES_1", "rerun": "0"}}, "status": {"total_pass": 1, "total_skip": 0, "total_xpass": 0, "total_xfail": 0, "total_rerun": 0, "total_fail": 0, "total_error": 0}}, "133": {"suite_name": "testcase/Group_3/WanCreate/test_WAN_CREATE_EXCEPTION_1_2.py", "tests": {"0": {"status": "PASS", "message": "", "test_name": "test_WAN_CREATE_RES_1", "rerun": "0"}}, "status": {"total_pass": 1, "total_skip": 0, "total_xpass": 0, "total_xfail": 0, "total_rerun": 0, "total_fail": 0, "total_error": 0}}, "134": {"suite_name": "testcase/Group_3/WanCreate/test_WAN_CREATE_EXCEPTION_2.py", "tests": {"0": {"status": "PASS", "message": "", "test_name": "test_WAN_CREATE_RES_1", "rerun": "0"}}, "status": {"total_pass": 1, "total_skip": 0, "total_xpass": 0, "total_xfail": 0, "total_rerun": 0, "total_fail": 0, "total_error": 0}}, "135": {"suite_name": "testcase/Group_3/WanCreate/test_WAN_CREATE_EXCEPTION_2_.py", "tests": {"0": {"status": "PASS", "message": "", "test_name": "test_WAN_CREATE_RES_1", "rerun": "0"}}, "status": {"total_pass": 1, "total_skip": 0, "total_xpass": 0, "total_xfail": 0, "total_rerun": 0, "total_fail": 0, "total_error": 0}}, "136": {"suite_name": "testcase/Group_3/WanCreate/test_WAN_CREATE_EXCEPTION_4.py", "tests": {"0": {"status": "PASS", "message": "", "test_name": "test_WAN_CREATE_RES_1", "rerun": "0"}}, "status": {"total_pass": 1, "total_skip": 0, "total_xpass": 0, "total_xfail": 0, "total_rerun": 0, "total_fail": 0, "total_error": 0}}, "137": {"suite_name": "testcase/Group_3/WanCreate/test_WAN_CREATE_EXCEPTION_5.py", "tests": {"0": {"status": "FAIL", "message": "       json.decoder.JSONDecodeError: Expecting value: line 1 column 1 (char 0)\n", "test_name": "test_WAN_CREATE_RES_1", "rerun": "0"}}, "status": {"total_pass": 0, "total_skip": 0, "total_xpass": 0, "total_xfail": 0, "total_rerun": 0, "total_fail": 1, "total_error": 0}}, "138": {"suite_name": "testcase/Group_3/WanCreate/test_WAN_CREATE_EXCEPTION_6.py", "tests": {"0": {"status": "PASS", "message": "", "test_name": "test_WAN_CREATE_RES_1", "rerun": "0"}}, "status": {"total_pass": 1, "total_skip": 0, "total_xpass": 0, "total_xfail": 0, "total_rerun": 0, "total_fail": 0, "total_error": 0}}, "139": {"suite_name": "testcase/Group_3/WanCreate/test_WAN_CREATE_EXCEPTION_7.py", "tests": {"0": {"status": "PASS", "message": "", "test_name": "test_WAN_CREATE_RES_1", "rerun": "0"}}, "status": {"total_pass": 1, "total_skip": 0, "total_xpass": 0, "total_xfail": 0, "total_rerun": 0, "total_fail": 0, "total_error": 0}}, "140": {"suite_name": "testcase/Group_3/WanCreate/test_WAN_CREATE_EXCEPTION_8.py", "tests": {"0": {"status": "PASS", "message": "", "test_name": "test_WAN_CREATE_RES_1", "rerun": "0"}}, "status": {"total_pass": 1, "total_skip": 0, "total_xpass": 0, "total_xfail": 0, "total_rerun": 0, "total_fail": 0, "total_error": 0}}, "141": {"suite_name": "testcase/Group_3/WanCreate/test_WAN_CREATE_RESULT_1_DHCP_IPv4.py", "tests": {"0": {"status": "PASS", "message": "", "test_name": "test_WAN_CREATE_RES_1", "rerun": "0"}}, "status": {"total_pass": 1, "total_skip": 0, "total_xpass": 0, "total_xfail": 0, "total_rerun": 0, "total_fail": 0, "total_error": 0}}, "142": {"suite_name": "testcase/Group_3/WanCreate/test_WAN_CREATE_RESULT_2_DHCP_IPv6.py", "tests": {"0": {"status": "PASS", "message": "", "test_name": "test_WAN_CREATE_RES_1", "rerun": "0"}}, "status": {"total_pass": 1, "total_skip": 0, "total_xpass": 0, "total_xfail": 0, "total_rerun": 0, "total_fail": 0, "total_error": 0}}, "143": {"suite_name": "testcase/Group_3/WanCreate/test_WAN_CREATE_RESULT_3_DHCP_Dual.py", "tests": {"0": {"status": "FAIL", "message": "E   ValueError: invalid literal for int() with base 10: ''\n", "test_name": "test_WAN_CREATE_RES_1", "rerun": "0"}}, "status": {"total_pass": 0, "total_skip": 0, "total_xpass": 0, "total_xfail": 0, "total_rerun": 0, "total_fail": 1, "total_error": 0}}, "144": {"suite_name": "testcase/Group_3/WanCreate/test_WAN_CREATE_RESULT_4_STATIC_IPv4.py", "tests": {"0": {"status": "PASS", "message": "", "test_name": "test_WAN_CREATE_RES_1", "rerun": "0"}}, "status": {"total_pass": 1, "total_skip": 0, "total_xpass": 0, "total_xfail": 0, "total_rerun": 0, "total_fail": 0, "total_error": 0}}, "145": {"suite_name": "testcase/Group_3/WanCreate/test_WAN_CREATE_RESULT_5_STATIC_IPv6.py", "tests": {"0": {"status": "PASS", "message": "", "test_name": "test_WAN_CREATE_RES_1", "rerun": "0"}}, "status": {"total_pass": 1, "total_skip": 0, "total_xpass": 0, "total_xfail": 0, "total_rerun": 0, "total_fail": 0, "total_error": 0}}, "146": {"suite_name": "testcase/Group_3/WanCreate/test_WAN_CREATE_RESULT_6_STATIC_Dual.py", "tests": {"0": {"status": "PASS", "message": "", "test_name": "test_WAN_CREATE_RES_1", "rerun": "0"}}, "status": {"total_pass": 1, "total_skip": 0, "total_xpass": 0, "total_xfail": 0, "total_rerun": 0, "total_fail": 0, "total_error": 0}}, "147": {"suite_name": "testcase/Group_3/WanCreate/test_WAN_CREATE_RESULT_7_L2TP.py", "tests": {"0": {"status": "FAIL", "message": "           AssertionError: soft assertion failures:\n           1. [STATUS ERROR] Expected <11> to be equal to <0>, but was not.\n           2. [MESSAGE ERROR] Expected <Verify Fail> to be equal to <Success>, but was not.\n", "test_name": "test_WAN_CREATE_RES_1", "rerun": "0"}}, "status": {"total_pass": 0, "total_skip": 0, "total_xpass": 0, "total_xfail": 0, "total_rerun": 0, "total_fail": 1, "total_error": 0}}, "148": {"suite_name": "testcase/Group_3/WanCreate/test_WAN_CREATE_RESULT_7_PPPoE_Dual.py", "tests": {"0": {"status": "FAIL", "message": "   selenium.common.exceptions.TimeoutException: Message:\n       Exception: Element cannot clickable!\n       Message:\n", "test_name": "test_WAN_CREATE_RES_1", "rerun": "0"}}, "status": {"total_pass": 0, "total_skip": 0, "total_xpass": 0, "total_xfail": 0, "total_rerun": 0, "total_fail": 1, "total_error": 0}}, "149": {"suite_name": "testcase/Group_3/WanCreate/test_WAN_CREATE_RESULT_7_PPPoE_IPv4.py", "tests": {"0": {"status": "PASS", "message": "", "test_name": "test_WAN_CREATE_RES_1", "rerun": "0"}}, "status": {"total_pass": 1, "total_skip": 0, "total_xpass": 0, "total_xfail": 0, "total_rerun": 0, "total_fail": 0, "total_error": 0}}, "150": {"suite_name": "testcase/Group_3/WanCreate/test_WAN_CREATE_RESULT_7_PPPoE_IPv6.py", "tests": {"0": {"status": "FAIL", "message": "           AssertionError: soft assertion failures:\n           1. [STATUS ERROR] Expected <0> to be equal to <11>, but was not.\n           2. [MESSAGE ERROR] Expected <Success> to be equal to <Verify Fail>, but was not.\n", "test_name": "test_WAN_CREATE_RES_1", "rerun": "0"}}, "status": {"total_pass": 0, "total_skip": 0, "total_xpass": 0, "total_xfail": 0, "total_rerun": 0, "total_fail": 1, "total_error": 0}}, "151": {"suite_name": "testcase/Group_3/WanCreate/test_WAN_CREATE_RESULT_7_PPTP.py", "tests": {"0": {"status": "PASS", "message": "", "test_name": "test_WAN_CREATE_RES_1", "rerun": "0"}}, "status": {"total_pass": 1, "total_skip": 0, "total_xpass": 0, "total_xfail": 0, "total_rerun": 0, "total_fail": 0, "total_error": 0}}, "152": {"suite_name": "testcase/Group_3/WanCreate/test_WAN_CREATE_RESULT_8_ALL_WAN.py", "tests": {"0": {"status": "PASS", "message": "", "test_name": "test_WAN_CREATE_RES_1", "rerun": "0"}}, "status": {"total_pass": 1, "total_skip": 0, "total_xpass": 0, "total_xfail": 0, "total_rerun": 0, "total_fail": 0, "total_error": 0}}, "153": {"suite_name": "testcase/Group_3/WanCreate/test_WAN_CREATE_RESULT_9_ALL_WAN.py", "tests": {"0": {"status": "PASS", "message": "", "test_name": "test_WAN_CREATE_RES_1", "rerun": "0"}}, "status": {"total_pass": 1, "total_skip": 0, "total_xpass": 0, "total_xfail": 0, "total_rerun": 0, "total_fail": 0, "total_error": 0}}, "154": {"suite_name": "testcase/Group_3/WanCreate/test_WAN_CREATE_RES_1.py", "tests": {"0": {"status": "PASS", "message": "", "test_name": "test_WAN_CREATE_RES_1", "rerun": "0"}}, "status": {"total_pass": 1, "total_skip": 0, "total_xpass": 0, "total_xfail": 0, "total_rerun": 0, "total_fail": 0, "total_error": 0}}, "155": {"suite_name": "testcase/Group_3/WanCreate/test_WAN_CREATE_USERNAME_1.py", "tests": {"0": {"status": "PASS", "message": "", "test_name": "test_WAN_CREATE_RES_1", "rerun": "0"}}, "status": {"total_pass": 1, "total_skip": 0, "total_xpass": 0, "total_xfail": 0, "total_rerun": 0, "total_fail": 0, "total_error": 0}}, "156": {"suite_name": "testcase/Group_3/WanCreate/test_WAN_CREATE_USERNAME_1_L2TP.py", "tests": {"0": {"status": "FAIL", "message": "           AssertionError: soft assertion failures:\n           1. [STATUS ERROR] Expected <11> to be equal to <0>, but was not.\n           2. [MESSAGE ERROR] Expected <Verify Fail> to be equal to <Success>, but was not.\n", "test_name": "test_WAN_CREATE_RES_1", "rerun": "0"}}, "status": {"total_pass": 0, "total_skip": 0, "total_xpass": 0, "total_xfail": 0, "total_rerun": 0, "total_fail": 1, "total_error": 0}}, "157": {"suite_name": "testcase/Group_3/WanCreate/test_WAN_CREATE_USERNAME_1_PPPoE_Dual.py", "tests": {"0": {"status": "FAIL", "message": "   selenium.common.exceptions.TimeoutException: Message:\n       Exception: Element cannot clickable!\n       Message:\n", "test_name": "test_WAN_CREATE_RES_1", "rerun": "0"}}, "status": {"total_pass": 0, "total_skip": 0, "total_xpass": 0, "total_xfail": 0, "total_rerun": 0, "total_fail": 1, "total_error": 0}}, "158": {"suite_name": "testcase/Group_3/WanCreate/test_WAN_CREATE_USERNAME_1_PPTP.py", "tests": {"0": {"status": "FAIL", "message": "           AssertionError: soft assertion failures:\n           1. [STATUS ERROR] Expected <11> to be equal to <0>, but was not.\n           2. [MESSAGE ERROR] Expected <Verify Fail> to be equal to <Success>, but was not.\n", "test_name": "test_WAN_CREATE_RES_1", "rerun": "0"}}, "status": {"total_pass": 0, "total_skip": 0, "total_xpass": 0, "total_xfail": 0, "total_rerun": 0, "total_fail": 1, "total_error": 0}}, "159": {"suite_name": "testcase/Group_3/WanCreate/test_WAN_CREATE_USERNAME_2.py", "tests": {"0": {"status": "PASS", "message": "", "test_name": "test_WAN_CREATE_RES_1", "rerun": "0"}}, "status": {"total_pass": 1, "total_skip": 0, "total_xpass": 0, "total_xfail": 0, "total_rerun": 0, "total_fail": 0, "total_error": 0}}, "160": {"suite_name": "testcase/Group_3/WanCreate/test_WAN_CREATE_USERNAME_3456.py", "tests": {"0": {"status": "PASS", "message": "", "test_name": "test_WAN_CREATE_RES_1", "rerun": "0"}}, "status": {"total_pass": 1, "total_skip": 0, "total_xpass": 0, "total_xfail": 0, "total_rerun": 0, "total_fail": 0, "total_error": 0}}, "161": {"suite_name": "testcase/Group_3/WanCreate/test_WAN_CREATE_VLANID_1.py", "tests": {"0": {"status": "PASS", "message": "", "test_name": "test_WAN_CREATE_RES_1", "rerun": "0"}}, "status": {"total_pass": 1, "total_skip": 0, "total_xpass": 0, "total_xfail": 0, "total_rerun": 0, "total_fail": 0, "total_error": 0}}, "162": {"suite_name": "testcase/Group_3/WanCreate/test_WAN_CREATE_VLANID_23456.py", "tests": {"0": {"status": "PASS", "message": "", "test_name": "test_WAN_CREATE_RES_1", "rerun": "0"}}, "status": {"total_pass": 1, "total_skip": 0, "total_xpass": 0, "total_xfail": 0, "total_rerun": 0, "total_fail": 0, "total_error": 0}}, "163": {"suite_name": "testcase/Group_3/WanCreate/test_WAN_CREATE_WANIDX_23456.py", "tests": {"0": {"status": "PASS", "message": "", "test_name": "test_WAN_CREATE_RES_1", "rerun": "0"}}, "status": {"total_pass": 1, "total_skip": 0, "total_xpass": 0, "total_xfail": 0, "total_rerun": 0, "total_fail": 0, "total_error": 0}}, "164": {"suite_name": "testcase/Group_3/WanCreate/test_WAN_CREATE_WAN_2_DHCP_Dual.py", "tests": {"0": {"status": "PASS", "message": "", "test_name": "test_WAN_CREATE_RES_1", "rerun": "0"}}, "status": {"total_pass": 1, "total_skip": 0, "total_xpass": 0, "total_xfail": 0, "total_rerun": 0, "total_fail": 0, "total_error": 0}}, "165": {"suite_name": "testcase/Group_3/WanCreate/test_WAN_CREATE_WAN_2_DHCP_IPv4.py", "tests": {"0": {"status": "PASS", "message": "", "test_name": "test_WAN_CREATE_RES_1", "rerun": "0"}}, "status": {"total_pass": 1, "total_skip": 0, "total_xpass": 0, "total_xfail": 0, "total_rerun": 0, "total_fail": 0, "total_error": 0}}, "166": {"suite_name": "testcase/Group_3/WanCreate/test_WAN_CREATE_WAN_2_DHCP_IPv6.py", "tests": {"0": {"status": "PASS", "message": "", "test_name": "test_WAN_CREATE_RES_1", "rerun": "0"}}, "status": {"total_pass": 1, "total_skip": 0, "total_xpass": 0, "total_xfail": 0, "total_rerun": 0, "total_fail": 0, "total_error": 0}}, "167": {"suite_name": "testcase/Group_3/WanCreate/test_WAN_CREATE_WAN_2_L2TP.py", "tests": {"0": {"status": "PASS", "message": "", "test_name": "test_WAN_CREATE_RES_1", "rerun": "0"}}, "status": {"total_pass": 1, "total_skip": 0, "total_xpass": 0, "total_xfail": 0, "total_rerun": 0, "total_fail": 0, "total_error": 0}}, "168": {"suite_name": "testcase/Group_3/WanCreate/test_WAN_CREATE_WAN_2_PPPoE_Dual.py", "tests": {"0": {"status": "PASS", "message": "", "test_name": "test_WAN_CREATE_RES_1", "rerun": "0"}}, "status": {"total_pass": 1, "total_skip": 0, "total_xpass": 0, "total_xfail": 0, "total_rerun": 0, "total_fail": 0, "total_error": 0}}, "169": {"suite_name": "testcase/Group_3/WanCreate/test_WAN_CREATE_WAN_2_PPPoE_IPv4.py", "tests": {"0": {"status": "PASS", "message": "", "test_name": "test_WAN_CREATE_RES_1", "rerun": "0"}}, "status": {"total_pass": 1, "total_skip": 0, "total_xpass": 0, "total_xfail": 0, "total_rerun": 0, "total_fail": 0, "total_error": 0}}, "170": {"suite_name": "testcase/Group_3/WanCreate/test_WAN_CREATE_WAN_2_PPPoE_IPv6.py", "tests": {"0": {"status": "FAIL", "message": "           AssertionError: soft assertion failures:\n           1. [STATUS ERROR] Expected <0> to be equal to <11>, but was not.\n           2. [MESSAGE ERROR] Expected <Success> to be equal to <Verify Fail>, but was not.\n", "test_name": "test_WAN_CREATE_RES_1", "rerun": "0"}}, "status": {"total_pass": 0, "total_skip": 0, "total_xpass": 0, "total_xfail": 0, "total_rerun": 0, "total_fail": 1, "total_error": 0}}, "171": {"suite_name": "testcase/Group_3/WanCreate/test_WAN_CREATE_WAN_2_PPTP.py", "tests": {"0": {"status": "FAIL", "message": "   selenium.common.exceptions.TimeoutException: Message:\n       Exception: Element cannot located!\n       Message:\n", "test_name": "test_WAN_CREATE_RES_1", "rerun": "0"}}, "status": {"total_pass": 0, "total_skip": 0, "total_xpass": 0, "total_xfail": 0, "total_rerun": 0, "total_fail": 1, "total_error": 0}}, "172": {"suite_name": "testcase/Group_3/WanCreate/test_WAN_CREATE_WAN_2_STATIC_Dual.py", "tests": {"0": {"status": "PASS", "message": "", "test_name": "test_WAN_CREATE_RES_1", "rerun": "0"}}, "status": {"total_pass": 1, "total_skip": 0, "total_xpass": 0, "total_xfail": 0, "total_rerun": 0, "total_fail": 0, "total_error": 0}}, "173": {"suite_name": "testcase/Group_3/WanCreate/test_WAN_CREATE_WAN_2_STATIC_IPv4.py", "tests": {"0": {"status": "PASS", "message": "", "test_name": "test_WAN_CREATE_RES_1", "rerun": "0"}}, "status": {"total_pass": 1, "total_skip": 0, "total_xpass": 0, "total_xfail": 0, "total_rerun": 0, "total_fail": 0, "total_error": 0}}, "174": {"suite_name": "testcase/Group_3/WanCreate/test_WAN_CREATE_WAN_2_STATIC_IPv6.py", "tests": {"0": {"status": "FAIL", "message": "   ValueError: invalid literal for int() with base 10: ''\n", "test_name": "test_WAN_CREATE_RES_1", "rerun": "0"}}, "status": {"total_pass": 0, "total_skip": 0, "total_xpass": 0, "total_xfail": 0, "total_rerun": 0, "total_fail": 1, "total_error": 0}}, "175": {"suite_name": "testcase/Group_3/WanCreate/test_WAN_CREATE_WAN_3_DHCP_Dual.py", "tests": {"0": {"status": "FAIL", "message": "       selenium.common.exceptions.UnexpectedAlertPresentException: Alert Text: Session timed out:You have been logged out successfully / relogin to access webserver\n       Message: unexpected alert open: {Alert text : Session timed out:You have been logged out successfully / relogin to access webserver}\n         (Session info: chrome=107.0.5304.88)\n       Exception: Element cannot clickable!\n       Alert Text: Session timed out:You have been logged out successfully / relogin to access webserver\n       Message: unexpected alert open: {Alert text : Session timed out:You have been logged out successfully / relogin to access webserver}\n         (Session info: chrome=107.0.5304.88)\n", "test_name": "test_WAN_CREATE_RES_1", "rerun": "0"}}, "status": {"total_pass": 0, "total_skip": 0, "total_xpass": 0, "total_xfail": 0, "total_rerun": 0, "total_fail": 1, "total_error": 0}}, "176": {"suite_name": "testcase/Group_3/WanCreate/test_WAN_CREATE_WAN_3_DHCP_IPv4.py", "tests": {"0": {"status": "FAIL", "message": "       selenium.common.exceptions.UnexpectedAlertPresentException: Alert Text: Session timed out:You have been logged out successfully / relogin to access webserver\n       Message: unexpected alert open: {Alert text : Session timed out:You have been logged out successfully / relogin to access webserver}\n         (Session info: chrome=107.0.5304.88)\n       Exception: Element cannot clickable!\n       Alert Text: Session timed out:You have been logged out successfully / relogin to access webserver\n       Message: unexpected alert open: {Alert text : Session timed out:You have been logged out successfully / relogin to access webserver}\n         (Session info: chrome=107.0.5304.88)\n", "test_name": "test_WAN_CREATE_RES_1", "rerun": "0"}}, "status": {"total_pass": 0, "total_skip": 0, "total_xpass": 0, "total_xfail": 0, "total_rerun": 0, "total_fail": 1, "total_error": 0}}, "177": {"suite_name": "testcase/Group_3/WanCreate/test_WAN_CREATE_WAN_3_DHCP_IPv6.py", "tests": {"0": {"status": "FAIL", "message": "       selenium.common.exceptions.UnexpectedAlertPresentException: Alert Text: Session timed out:You have been logged out successfully / relogin to access webserver\n       Message: unexpected alert open: {Alert text : Session timed out:You have been logged out successfully / relogin to access webserver}\n         (Session info: chrome=107.0.5304.88)\n       Exception: Element cannot clickable!\n       Alert Text: Session timed out:You have been logged out successfully / relogin to access webserver\n       Message: unexpected alert open: {Alert text : Session timed out:You have been logged out successfully / relogin to access webserver}\n         (Session info: chrome=107.0.5304.88)\n", "test_name": "test_WAN_CREATE_RES_1", "rerun": "0"}}, "status": {"total_pass": 0, "total_skip": 0, "total_xpass": 0, "total_xfail": 0, "total_rerun": 0, "total_fail": 1, "total_error": 0}}, "178": {"suite_name": "testcase/Group_3/WanCreate/test_WAN_CREATE_WAN_3_L2TP.py", "tests": {"0": {"status": "FAIL", "message": "       selenium.common.exceptions.UnexpectedAlertPresentException: Alert Text: Session timed out:You have been logged out successfully / relogin to access webserver\n       Message: unexpected alert open: {Alert text : Session timed out:You have been logged out successfully / relogin to access webserver}\n         (Session info: chrome=107.0.5304.88)\n       Exception: Element cannot clickable!\n       Alert Text: Session timed out:You have been logged out successfully / relogin to access webserver\n       Message: unexpected alert open: {Alert text : Session timed out:You have been logged out successfully / relogin to access webserver}\n         (Session info: chrome=107.0.5304.88)\n", "test_name": "test_WAN_CREATE_RES_1", "rerun": "0"}}, "status": {"total_pass": 0, "total_skip": 0, "total_xpass": 0, "total_xfail": 0, "total_rerun": 0, "total_fail": 1, "total_error": 0}}, "179": {"suite_name": "testcase/Group_3/WanCreate/test_WAN_CREATE_WAN_3_PPPoE_Dual.py", "tests": {"0": {"status": "FAIL", "message": "       selenium.common.exceptions.UnexpectedAlertPresentException: Alert Text: Session timed out:You have been logged out successfully / relogin to access webserver\n       Message: unexpected alert open: {Alert text : Session timed out:You have been logged out successfully / relogin to access webserver}\n         (Session info: chrome=107.0.5304.88)\n       Exception: Element cannot clickable!\n       Alert Text: Session timed out:You have been logged out successfully / relogin to access webserver\n       Message: unexpected alert open: {Alert text : Session timed out:You have been logged out successfully / relogin to access webserver}\n         (Session info: chrome=107.0.5304.88)\n", "test_name": "test_WAN_CREATE_RES_1", "rerun": "0"}}, "status": {"total_pass": 0, "total_skip": 0, "total_xpass": 0, "total_xfail": 0, "total_rerun": 0, "total_fail": 1, "total_error": 0}}, "180": {"suite_name": "testcase/Group_3/WanCreate/test_WAN_CREATE_WAN_3_PPPoE_IPv4.py", "tests": {"0": {"status": "FAIL", "message": "       selenium.common.exceptions.UnexpectedAlertPresentException: Alert Text: Session timed out:You have been logged out successfully / relogin to access webserver\n       Message: unexpected alert open: {Alert text : Session timed out:You have been logged out successfully / relogin to access webserver}\n         (Session info: chrome=107.0.5304.88)\n       Exception: Element cannot clickable!\n       Alert Text: Session timed out:You have been logged out successfully / relogin to access webserver\n       Message: unexpected alert open: {Alert text : Session timed out:You have been logged out successfully / relogin to access webserver}\n         (Session info: chrome=107.0.5304.88)\n", "test_name": "test_WAN_CREATE_RES_1", "rerun": "0"}}, "status": {"total_pass": 0, "total_skip": 0, "total_xpass": 0, "total_xfail": 0, "total_rerun": 0, "total_fail": 1, "total_error": 0}}, "181": {"suite_name": "testcase/Group_3/WanCreate/test_WAN_CREATE_WAN_3_PPPoE_IPv6.py", "tests": {"0": {"status": "FAIL", "message": "           AssertionError: soft assertion failures:\n           1. [STATUS ERROR] Expected <0> to be equal to <11>, but was not.\n           2. [MESSAGE ERROR] Expected <Success> to be equal to <Verify Fail>, but was not.\n", "test_name": "test_WAN_CREATE_RES_1", "rerun": "0"}}, "status": {"total_pass": 0, "total_skip": 0, "total_xpass": 0, "total_xfail": 0, "total_rerun": 0, "total_fail": 1, "total_error": 0}}, "182": {"suite_name": "testcase/Group_3/WanCreate/test_WAN_CREATE_WAN_3_PPTP.py", "tests": {"0": {"status": "FAIL", "message": "       selenium.common.exceptions.UnexpectedAlertPresentException: Alert Text: Session timed out:You have been logged out successfully / relogin to access webserver\n       Message: unexpected alert open: {Alert text : Session timed out:You have been logged out successfully / relogin to access webserver}\n         (Session info: chrome=107.0.5304.88)\n       Exception: Element cannot clickable!\n       Alert Text: Session timed out:You have been logged out successfully / relogin to access webserver\n       Message: unexpected alert open: {Alert text : Session timed out:You have been logged out successfully / relogin to access webserver}\n         (Session info: chrome=107.0.5304.88)\n", "test_name": "test_WAN_CREATE_RES_1", "rerun": "0"}}, "status": {"total_pass": 0, "total_skip": 0, "total_xpass": 0, "total_xfail": 0, "total_rerun": 0, "total_fail": 1, "total_error": 0}}, "183": {"suite_name": "testcase/Group_3/WanCreate/test_WAN_CREATE_WAN_3_STATIC_Dual.py", "tests": {"0": {"status": "FAIL", "message": "       selenium.common.exceptions.UnexpectedAlertPresentException: Alert Text: Session timed out:You have been logged out successfully / relogin to access webserver\n       Message: unexpected alert open: {Alert text : Session timed out:You have been logged out successfully / relogin to access webserver}\n         (Session info: chrome=107.0.5304.88)\n       Exception: Element cannot clickable!\n       Alert Text: Session timed out:You have been logged out successfully / relogin to access webserver\n       Message: unexpected alert open: {Alert text : Session timed out:You have been logged out successfully / relogin to access webserver}\n         (Session info: chrome=107.0.5304.88)\n", "test_name": "test_WAN_CREATE_RES_1", "rerun": "0"}}, "status": {"total_pass": 0, "total_skip": 0, "total_xpass": 0, "total_xfail": 0, "total_rerun": 0, "total_fail": 1, "total_error": 0}}, "184": {"suite_name": "testcase/Group_3/WanCreate/test_WAN_CREATE_WAN_3_STATIC_IPv4.py", "tests": {"0": {"status": "FAIL", "message": "       selenium.common.exceptions.UnexpectedAlertPresentException: Alert Text: Session timed out:You have been logged out successfully / relogin to access webserver\n       Message: unexpected alert open: {Alert text : Session timed out:You have been logged out successfully / relogin to access webserver}\n         (Session info: chrome=107.0.5304.88)\n       Exception: Element cannot clickable!\n       Alert Text: Session timed out:You have been logged out successfully / relogin to access webserver\n       Message: unexpected alert open: {Alert text : Session timed out:You have been logged out successfully / relogin to access webserver}\n         (Session info: chrome=107.0.5304.88)\n", "test_name": "test_WAN_CREATE_RES_1", "rerun": "0"}}, "status": {"total_pass": 0, "total_skip": 0, "total_xpass": 0, "total_xfail": 0, "total_rerun": 0, "total_fail": 1, "total_error": 0}}, "185": {"suite_name": "testcase/Group_3/WanCreate/test_WAN_CREATE_WAN_3_STATIC_IPv6.py", "tests": {"0": {"status": "FAIL", "message": "       selenium.common.exceptions.UnexpectedAlertPresentException: Alert Text: Session timed out:You have been logged out successfully / relogin to access webserver\n       Message: unexpected alert open: {Alert text : Session timed out:You have been logged out successfully / relogin to access webserver}\n         (Session info: chrome=107.0.5304.88)\n       Exception: Element cannot clickable!\n       Alert Text: Session timed out:You have been logged out successfully / relogin to access webserver\n       Message: unexpected alert open: {Alert text : Session timed out:You have been logged out successfully / relogin to access webserver}\n         (Session info: chrome=107.0.5304.88)\n", "test_name": "test_WAN_CREATE_RES_1", "rerun": "0"}}, "status": {"total_pass": 0, "total_skip": 0, "total_xpass": 0, "total_xfail": 0, "total_rerun": 0, "total_fail": 1, "total_error": 0}}, "186": {"suite_name": "testcase/Group_3/WanEdit/test_WAN_EDIT_DHCP_Dual_To_DHCP_IPv4_1.py", "tests": {"0": {"status": "PASS", "message": "", "test_name": "test_WAN_EDIT_RES_1", "rerun": "0"}}, "status": {"total_pass": 1, "total_skip": 0, "total_xpass": 0, "total_xfail": 0, "total_rerun": 0, "total_fail": 0, "total_error": 0}}, "187": {"suite_name": "testcase/Group_3/WanEdit/test_WAN_EDIT_DHCP_Dual_To_L2TP.py", "tests": {"0": {"status": "PASS", "message": "", "test_name": "test_WAN_EDIT_RES_1", "rerun": "0"}}, "status": {"total_pass": 1, "total_skip": 0, "total_xpass": 0, "total_xfail": 0, "total_rerun": 0, "total_fail": 0, "total_error": 0}}, "188": {"suite_name": "testcase/Group_3/WanEdit/test_WAN_EDIT_DHCP_Dual_To_PPPoE_Dual.py", "tests": {"0": {"status": "PASS", "message": "", "test_name": "test_WAN_EDIT_RES_1", "rerun": "0"}}, "status": {"total_pass": 1, "total_skip": 0, "total_xpass": 0, "total_xfail": 0, "total_rerun": 0, "total_fail": 0, "total_error": 0}}, "189": {"suite_name": "testcase/Group_3/WanEdit/test_WAN_EDIT_DHCP_Dual_To_PPPoE_ipv4.py", "tests": {"0": {"status": "PASS", "message": "", "test_name": "test_WAN_EDIT_RES_1", "rerun": "0"}}, "status": {"total_pass": 1, "total_skip": 0, "total_xpass": 0, "total_xfail": 0, "total_rerun": 0, "total_fail": 0, "total_error": 0}}, "190": {"suite_name": "testcase/Group_3/WanEdit/test_WAN_EDIT_DHCP_Dual_To_PPTP.py", "tests": {"0": {"status": "PASS", "message": "", "test_name": "test_WAN_EDIT_RES_1", "rerun": "0"}}, "status": {"total_pass": 1, "total_skip": 0, "total_xpass": 0, "total_xfail": 0, "total_rerun": 0, "total_fail": 0, "total_error": 0}}, "191": {"suite_name": "testcase/Group_3/WanEdit/test_WAN_EDIT_DHCP_Dual_To_STATIC_Dual.py", "tests": {"0": {"status": "PASS", "message": "", "test_name": "test_WAN_EDIT_RES_1", "rerun": "0"}}, "status": {"total_pass": 1, "total_skip": 0, "total_xpass": 0, "total_xfail": 0, "total_rerun": 0, "total_fail": 0, "total_error": 0}}, "192": {"suite_name": "testcase/Group_3/WanEdit/test_WAN_EDIT_DHCP_Dual_To_STATIC_ipv4.py", "tests": {"0": {"status": "PASS", "message": "", "test_name": "test_WAN_EDIT_RES_1", "rerun": "0"}}, "status": {"total_pass": 1, "total_skip": 0, "total_xpass": 0, "total_xfail": 0, "total_rerun": 0, "total_fail": 0, "total_error": 0}}, "193": {"suite_name": "testcase/Group_3/WanEdit/test_WAN_EDIT_DHCP_ipv4_To_DHCP_Dual_1.py", "tests": {"0": {"status": "PASS", "message": "", "test_name": "test_WAN_EDIT_RES_1", "rerun": "0"}}, "status": {"total_pass": 1, "total_skip": 0, "total_xpass": 0, "total_xfail": 0, "total_rerun": 0, "total_fail": 0, "total_error": 0}}, "194": {"suite_name": "testcase/Group_3/WanEdit/test_WAN_EDIT_DHCP_ipv4_To_L2TP.py", "tests": {"0": {"status": "PASS", "message": "", "test_name": "test_WAN_EDIT_RES_1", "rerun": "0"}}, "status": {"total_pass": 1, "total_skip": 0, "total_xpass": 0, "total_xfail": 0, "total_rerun": 0, "total_fail": 0, "total_error": 0}}, "195": {"suite_name": "testcase/Group_3/WanEdit/test_WAN_EDIT_DHCP_ipv4_To_PPPoE_Dual.py", "tests": {"0": {"status": "PASS", "message": "", "test_name": "test_WAN_EDIT_RES_1", "rerun": "0"}}, "status": {"total_pass": 1, "total_skip": 0, "total_xpass": 0, "total_xfail": 0, "total_rerun": 0, "total_fail": 0, "total_error": 0}}, "196": {"suite_name": "testcase/Group_3/WanEdit/test_WAN_EDIT_DHCP_ipv4_To_PPPoE_ipv4.py", "tests": {"0": {"status": "PASS", "message": "", "test_name": "test_WAN_EDIT_RES_1", "rerun": "0"}}, "status": {"total_pass": 1, "total_skip": 0, "total_xpass": 0, "total_xfail": 0, "total_rerun": 0, "total_fail": 0, "total_error": 0}}, "197": {"suite_name": "testcase/Group_3/WanEdit/test_WAN_EDIT_DHCP_ipv4_To_PPTP.py", "tests": {"0": {"status": "PASS", "message": "", "test_name": "test_WAN_EDIT_RES_1", "rerun": "0"}}, "status": {"total_pass": 1, "total_skip": 0, "total_xpass": 0, "total_xfail": 0, "total_rerun": 0, "total_fail": 0, "total_error": 0}}, "198": {"suite_name": "testcase/Group_3/WanEdit/test_WAN_EDIT_DHCP_ipv4_To_STATIC_Dual_1.py", "tests": {"0": {"status": "PASS", "message": "", "test_name": "test_WAN_EDIT_RES_1", "rerun": "0"}}, "status": {"total_pass": 1, "total_skip": 0, "total_xpass": 0, "total_xfail": 0, "total_rerun": 0, "total_fail": 0, "total_error": 0}}, "199": {"suite_name": "testcase/Group_3/WanEdit/test_WAN_EDIT_DHCP_ipv4_To_STATIC_ipv4.py", "tests": {"0": {"status": "PASS", "message": "", "test_name": "test_WAN_EDIT_RES_1", "rerun": "0"}}, "status": {"total_pass": 1, "total_skip": 0, "total_xpass": 0, "total_xfail": 0, "total_rerun": 0, "total_fail": 0, "total_error": 0}}, "200": {"suite_name": "testcase/Group_3/WanEdit/test_WAN_EDIT_EXCEPTION_4.py", "tests": {"0": {"status": "PASS", "message": "", "test_name": "test_WAN_CREATE_RES_1", "rerun": "0"}}, "status": {"total_pass": 1, "total_skip": 0, "total_xpass": 0, "total_xfail": 0, "total_rerun": 0, "total_fail": 0, "total_error": 0}}, "201": {"suite_name": "testcase/Group_3/WanEdit/test_WAN_EDIT_L2TP_To_DHCP_dual.py", "tests": {"0": {"status": "PASS", "message": "", "test_name": "test_WAN_EDIT_RES_1", "rerun": "0"}}, "status": {"total_pass": 1, "total_skip": 0, "total_xpass": 0, "total_xfail": 0, "total_rerun": 0, "total_fail": 0, "total_error": 0}}, "202": {"suite_name": "testcase/Group_3/WanEdit/test_WAN_EDIT_L2TP_To_DHCP_ipv4.py", "tests": {"0": {"status": "PASS", "message": "", "test_name": "test_WAN_EDIT_RES_1", "rerun": "0"}}, "status": {"total_pass": 1, "total_skip": 0, "total_xpass": 0, "total_xfail": 0, "total_rerun": 0, "total_fail": 0, "total_error": 0}}, "203": {"suite_name": "testcase/Group_3/WanEdit/test_WAN_EDIT_L2TP_To_PPPoE_dual.py", "tests": {"0": {"status": "PASS", "message": "", "test_name": "test_WAN_EDIT_RES_1", "rerun": "0"}}, "status": {"total_pass": 1, "total_skip": 0, "total_xpass": 0, "total_xfail": 0, "total_rerun": 0, "total_fail": 0, "total_error": 0}}, "204": {"suite_name": "testcase/Group_3/WanEdit/test_WAN_EDIT_L2TP_To_PPPoE_ipv4.py", "tests": {"0": {"status": "PASS", "message": "", "test_name": "test_WAN_EDIT_RES_1", "rerun": "0"}}, "status": {"total_pass": 1, "total_skip": 0, "total_xpass": 0, "total_xfail": 0, "total_rerun": 0, "total_fail": 0, "total_error": 0}}, "205": {"suite_name": "testcase/Group_3/WanEdit/test_WAN_EDIT_L2TP_To_PPTP.py", "tests": {"0": {"status": "PASS", "message": "", "test_name": "test_WAN_EDIT_RES_1", "rerun": "0"}}, "status": {"total_pass": 1, "total_skip": 0, "total_xpass": 0, "total_xfail": 0, "total_rerun": 0, "total_fail": 0, "total_error": 0}}, "206": {"suite_name": "testcase/Group_3/WanEdit/test_WAN_EDIT_L2TP_To_STATIC_dual.py", "tests": {"0": {"status": "PASS", "message": "", "test_name": "test_WAN_EDIT_RES_1", "rerun": "0"}}, "status": {"total_pass": 1, "total_skip": 0, "total_xpass": 0, "total_xfail": 0, "total_rerun": 0, "total_fail": 0, "total_error": 0}}, "207": {"suite_name": "testcase/Group_3/WanEdit/test_WAN_EDIT_L2TP_To_STATIC_ipv4.py", "tests": {"0": {"status": "PASS", "message": "", "test_name": "test_WAN_EDIT_RES_1", "rerun": "0"}}, "status": {"total_pass": 1, "total_skip": 0, "total_xpass": 0, "total_xfail": 0, "total_rerun": 0, "total_fail": 0, "total_error": 0}}, "208": {"suite_name": "testcase/Group_3/WanEdit/test_WAN_EDIT_MISS_ATB_DHCP_Dual_To_DHCP_IPv4_1.py", "tests": {"0": {"status": "PASS", "message": "", "test_name": "test_WAN_EDIT_RES_1", "rerun": "0"}}, "status": {"total_pass": 1, "total_skip": 0, "total_xpass": 0, "total_xfail": 0, "total_rerun": 0, "total_fail": 0, "total_error": 0}}, "209": {"suite_name": "testcase/Group_3/WanEdit/test_WAN_EDIT_MISS_ATB_DHCP_Dual_To_STATIC_ipv4.py", "tests": {"0": {"status": "PASS", "message": "", "test_name": "test_WAN_EDIT_RES_1", "rerun": "0"}}, "status": {"total_pass": 1, "total_skip": 0, "total_xpass": 0, "total_xfail": 0, "total_rerun": 0, "total_fail": 0, "total_error": 0}}, "210": {"suite_name": "testcase/Group_3/WanEdit/test_WAN_EDIT_PPPOE_Dual_To_DHCP_dual.py", "tests": {"0": {"status": "PASS", "message": "", "test_name": "test_WAN_EDIT_RES_1", "rerun": "0"}}, "status": {"total_pass": 1, "total_skip": 0, "total_xpass": 0, "total_xfail": 0, "total_rerun": 0, "total_fail": 0, "total_error": 0}}, "211": {"suite_name": "testcase/Group_3/WanEdit/test_WAN_EDIT_PPPOE_ipv4_To_DHCP_dual.py", "tests": {"0": {"status": "PASS", "message": "", "test_name": "test_WAN_EDIT_RES_1", "rerun": "0"}}, "status": {"total_pass": 1, "total_skip": 0, "total_xpass": 0, "total_xfail": 0, "total_rerun": 0, "total_fail": 0, "total_error": 0}}, "212": {"suite_name": "testcase/Group_3/WanEdit/test_WAN_EDIT_PPPoE_Dual_To_DHCP_ipv4.py", "tests": {"0": {"status": "PASS", "message": "", "test_name": "test_WAN_EDIT_RES_1", "rerun": "0"}}, "status": {"total_pass": 1, "total_skip": 0, "total_xpass": 0, "total_xfail": 0, "total_rerun": 0, "total_fail": 0, "total_error": 0}}, "213": {"suite_name": "testcase/Group_3/WanEdit/test_WAN_EDIT_PPPoE_Dual_To_L2TP.py", "tests": {"0": {"status": "PASS", "message": "", "test_name": "test_WAN_EDIT_RES_1", "rerun": "0"}}, "status": {"total_pass": 1, "total_skip": 0, "total_xpass": 0, "total_xfail": 0, "total_rerun": 0, "total_fail": 0, "total_error": 0}}, "214": {"suite_name": "testcase/Group_3/WanEdit/test_WAN_EDIT_PPPoE_Dual_To_PPPoE_ipv4.py", "tests": {"0": {"status": "PASS", "message": "", "test_name": "test_WAN_EDIT_RES_1", "rerun": "0"}}, "status": {"total_pass": 1, "total_skip": 0, "total_xpass": 0, "total_xfail": 0, "total_rerun": 0, "total_fail": 0, "total_error": 0}}, "215": {"suite_name": "testcase/Group_3/WanEdit/test_WAN_EDIT_PPPoE_Dual_To_PPTP.py", "tests": {"0": {"status": "PASS", "message": "", "test_name": "test_WAN_EDIT_RES_1", "rerun": "0"}}, "status": {"total_pass": 1, "total_skip": 0, "total_xpass": 0, "total_xfail": 0, "total_rerun": 0, "total_fail": 0, "total_error": 0}}, "216": {"suite_name": "testcase/Group_3/WanEdit/test_WAN_EDIT_PPPoE_Dual_To_STATIC_dual.py", "tests": {"0": {"status": "PASS", "message": "", "test_name": "test_WAN_EDIT_RES_1", "rerun": "0"}}, "status": {"total_pass": 1, "total_skip": 0, "total_xpass": 0, "total_xfail": 0, "total_rerun": 0, "total_fail": 0, "total_error": 0}}, "217": {"suite_name": "testcase/Group_3/WanEdit/test_WAN_EDIT_PPPoE_Dual_To_STATIC_ipv4.py", "tests": {"0": {"status": "PASS", "message": "", "test_name": "test_WAN_EDIT_RES_1", "rerun": "0"}}, "status": {"total_pass": 1, "total_skip": 0, "total_xpass": 0, "total_xfail": 0, "total_rerun": 0, "total_fail": 0, "total_error": 0}}, "218": {"suite_name": "testcase/Group_3/WanEdit/test_WAN_EDIT_PPPoE_ipv4_To_DHCP_ipv4.py", "tests": {"0": {"status": "PASS", "message": "", "test_name": "test_WAN_EDIT_RES_1", "rerun": "0"}}, "status": {"total_pass": 1, "total_skip": 0, "total_xpass": 0, "total_xfail": 0, "total_rerun": 0, "total_fail": 0, "total_error": 0}}, "219": {"suite_name": "testcase/Group_3/WanEdit/test_WAN_EDIT_PPPoE_ipv4_To_L2TP.py", "tests": {"0": {"status": "PASS", "message": "", "test_name": "test_WAN_EDIT_RES_1", "rerun": "0"}}, "status": {"total_pass": 1, "total_skip": 0, "total_xpass": 0, "total_xfail": 0, "total_rerun": 0, "total_fail": 0, "total_error": 0}}, "220": {"suite_name": "testcase/Group_3/WanEdit/test_WAN_EDIT_PPPoE_ipv4_To_PPPoE_dual.py", "tests": {"0": {"status": "PASS", "message": "", "test_name": "test_WAN_EDIT_RES_1", "rerun": "0"}}, "status": {"total_pass": 1, "total_skip": 0, "total_xpass": 0, "total_xfail": 0, "total_rerun": 0, "total_fail": 0, "total_error": 0}}, "221": {"suite_name": "testcase/Group_3/WanEdit/test_WAN_EDIT_PPPoE_ipv4_To_PPTP.py", "tests": {"0": {"status": "PASS", "message": "", "test_name": "test_WAN_EDIT_RES_1", "rerun": "0"}}, "status": {"total_pass": 1, "total_skip": 0, "total_xpass": 0, "total_xfail": 0, "total_rerun": 0, "total_fail": 0, "total_error": 0}}, "222": {"suite_name": "testcase/Group_3/WanEdit/test_WAN_EDIT_PPPoE_ipv4_To_STATIC_dual.py", "tests": {"0": {"status": "PASS", "message": "", "test_name": "test_WAN_EDIT_RES_1", "rerun": "0"}}, "status": {"total_pass": 1, "total_skip": 0, "total_xpass": 0, "total_xfail": 0, "total_rerun": 0, "total_fail": 0, "total_error": 0}}, "223": {"suite_name": "testcase/Group_3/WanEdit/test_WAN_EDIT_PPPoE_ipv4_To_STATIC_ipv4.py", "tests": {"0": {"status": "PASS", "message": "", "test_name": "test_WAN_EDIT_RES_1", "rerun": "0"}}, "status": {"total_pass": 1, "total_skip": 0, "total_xpass": 0, "total_xfail": 0, "total_rerun": 0, "total_fail": 0, "total_error": 0}}, "224": {"suite_name": "testcase/Group_3/WanEdit/test_WAN_EDIT_PPTP_To_DHCP_dual.py", "tests": {"0": {"status": "PASS", "message": "", "test_name": "test_WAN_EDIT_RES_1", "rerun": "0"}}, "status": {"total_pass": 1, "total_skip": 0, "total_xpass": 0, "total_xfail": 0, "total_rerun": 0, "total_fail": 0, "total_error": 0}}, "225": {"suite_name": "testcase/Group_3/WanEdit/test_WAN_EDIT_PPTP_To_DHCP_ipv4.py", "tests": {"0": {"status": "PASS", "message": "", "test_name": "test_WAN_EDIT_RES_1", "rerun": "0"}}, "status": {"total_pass": 1, "total_skip": 0, "total_xpass": 0, "total_xfail": 0, "total_rerun": 0, "total_fail": 0, "total_error": 0}}, "226": {"suite_name": "testcase/Group_3/WanEdit/test_WAN_EDIT_PPTP_To_L2TP.py", "tests": {"0": {"status": "PASS", "message": "", "test_name": "test_WAN_EDIT_RES_1", "rerun": "0"}}, "status": {"total_pass": 1, "total_skip": 0, "total_xpass": 0, "total_xfail": 0, "total_rerun": 0, "total_fail": 0, "total_error": 0}}, "227": {"suite_name": "testcase/Group_3/WanEdit/test_WAN_EDIT_PPTP_To_PPPoE_dual.py", "tests": {"0": {"status": "PASS", "message": "", "test_name": "test_WAN_EDIT_RES_1", "rerun": "0"}}, "status": {"total_pass": 1, "total_skip": 0, "total_xpass": 0, "total_xfail": 0, "total_rerun": 0, "total_fail": 0, "total_error": 0}}, "228": {"suite_name": "testcase/Group_3/WanEdit/test_WAN_EDIT_PPTP_To_PPPoE_ipv4.py", "tests": {"0": {"status": "PASS", "message": "", "test_name": "test_WAN_EDIT_RES_1", "rerun": "0"}}, "status": {"total_pass": 1, "total_skip": 0, "total_xpass": 0, "total_xfail": 0, "total_rerun": 0, "total_fail": 0, "total_error": 0}}, "229": {"suite_name": "testcase/Group_3/WanEdit/test_WAN_EDIT_PPTP_To_STATIC_dual.py", "tests": {"0": {"status": "PASS", "message": "", "test_name": "test_WAN_EDIT_RES_1", "rerun": "0"}}, "status": {"total_pass": 1, "total_skip": 0, "total_xpass": 0, "total_xfail": 0, "total_rerun": 0, "total_fail": 0, "total_error": 0}}, "230": {"suite_name": "testcase/Group_3/WanEdit/test_WAN_EDIT_PPTP_To_STATIC_ipv4.py", "tests": {"0": {"status": "PASS", "message": "", "test_name": "test_WAN_EDIT_RES_1", "rerun": "0"}}, "status": {"total_pass": 1, "total_skip": 0, "total_xpass": 0, "total_xfail": 0, "total_rerun": 0, "total_fail": 0, "total_error": 0}}, "231": {"suite_name": "testcase/Group_3/WanEdit/test_WAN_EDIT_STATIC_dual_To_DHCP_dual.py", "tests": {"0": {"status": "PASS", "message": "", "test_name": "test_WAN_EDIT_RES_1", "rerun": "0"}}, "status": {"total_pass": 1, "total_skip": 0, "total_xpass": 0, "total_xfail": 0, "total_rerun": 0, "total_fail": 0, "total_error": 0}}, "232": {"suite_name": "testcase/Group_3/WanEdit/test_WAN_EDIT_STATIC_dual_To_DHCP_ipv4.py", "tests": {"0": {"status": "PASS", "message": "", "test_name": "test_WAN_EDIT_RES_1", "rerun": "0"}}, "status": {"total_pass": 1, "total_skip": 0, "total_xpass": 0, "total_xfail": 0, "total_rerun": 0, "total_fail": 0, "total_error": 0}}, "233": {"suite_name": "testcase/Group_3/WanEdit/test_WAN_EDIT_STATIC_dual_To_L2TP.py", "tests": {"0": {"status": "PASS", "message": "", "test_name": "test_WAN_EDIT_RES_1", "rerun": "0"}}, "status": {"total_pass": 1, "total_skip": 0, "total_xpass": 0, "total_xfail": 0, "total_rerun": 0, "total_fail": 0, "total_error": 0}}, "234": {"suite_name": "testcase/Group_3/WanEdit/test_WAN_EDIT_STATIC_dual_To_PPPoE_dual.py", "tests": {"0": {"status": "PASS", "message": "", "test_name": "test_WAN_EDIT_RES_1", "rerun": "0"}}, "status": {"total_pass": 1, "total_skip": 0, "total_xpass": 0, "total_xfail": 0, "total_rerun": 0, "total_fail": 0, "total_error": 0}}, "235": {"suite_name": "testcase/Group_3/WanEdit/test_WAN_EDIT_STATIC_dual_To_PPPoE_ipv4.py", "tests": {"0": {"status": "PASS", "message": "", "test_name": "test_WAN_EDIT_RES_1", "rerun": "0"}}, "status": {"total_pass": 1, "total_skip": 0, "total_xpass": 0, "total_xfail": 0, "total_rerun": 0, "total_fail": 0, "total_error": 0}}, "236": {"suite_name": "testcase/Group_3/WanEdit/test_WAN_EDIT_STATIC_dual_To_PPTP.py", "tests": {"0": {"status": "PASS", "message": "", "test_name": "test_WAN_EDIT_RES_1", "rerun": "0"}}, "status": {"total_pass": 1, "total_skip": 0, "total_xpass": 0, "total_xfail": 0, "total_rerun": 0, "total_fail": 0, "total_error": 0}}, "237": {"suite_name": "testcase/Group_3/WanEdit/test_WAN_EDIT_STATIC_dual_To_STATIC_ipv4.py", "tests": {"0": {"status": "PASS", "message": "", "test_name": "test_WAN_EDIT_RES_1", "rerun": "0"}}, "status": {"total_pass": 1, "total_skip": 0, "total_xpass": 0, "total_xfail": 0, "total_rerun": 0, "total_fail": 0, "total_error": 0}}, "238": {"suite_name": "testcase/Group_3/WanEdit/test_WAN_EDIT_STATIC_ipv4_To_DHCP_dual.py", "tests": {"0": {"status": "PASS", "message": "", "test_name": "test_WAN_EDIT_RES_1", "rerun": "0"}}, "status": {"total_pass": 1, "total_skip": 0, "total_xpass": 0, "total_xfail": 0, "total_rerun": 0, "total_fail": 0, "total_error": 0}}, "239": {"suite_name": "testcase/Group_3/WanEdit/test_WAN_EDIT_STATIC_ipv4_To_DHCP_ipv4.py", "tests": {"0": {"status": "PASS", "message": "", "test_name": "test_WAN_EDIT_RES_1", "rerun": "0"}}, "status": {"total_pass": 1, "total_skip": 0, "total_xpass": 0, "total_xfail": 0, "total_rerun": 0, "total_fail": 0, "total_error": 0}}, "240": {"suite_name": "testcase/Group_3/WanEdit/test_WAN_EDIT_STATIC_ipv4_To_L2TP.py", "tests": {"0": {"status": "PASS", "message": "", "test_name": "test_WAN_EDIT_RES_1", "rerun": "0"}}, "status": {"total_pass": 1, "total_skip": 0, "total_xpass": 0, "total_xfail": 0, "total_rerun": 0, "total_fail": 0, "total_error": 0}}, "241": {"suite_name": "testcase/Group_3/WanEdit/test_WAN_EDIT_STATIC_ipv4_To_PPPoE_dual.py", "tests": {"0": {"status": "PASS", "message": "", "test_name": "test_WAN_EDIT_RES_1", "rerun": "0"}}, "status": {"total_pass": 1, "total_skip": 0, "total_xpass": 0, "total_xfail": 0, "total_rerun": 0, "total_fail": 0, "total_error": 0}}, "242": {"suite_name": "testcase/Group_3/WanEdit/test_WAN_EDIT_STATIC_ipv4_To_PPPoE_ipv4.py", "tests": {"0": {"status": "PASS", "message": "", "test_name": "test_WAN_EDIT_RES_1", "rerun": "0"}}, "status": {"total_pass": 1, "total_skip": 0, "total_xpass": 0, "total_xfail": 0, "total_rerun": 0, "total_fail": 0, "total_error": 0}}, "243": {"suite_name": "testcase/Group_3/WanEdit/test_WAN_EDIT_STATIC_ipv4_To_PPTP.py", "tests": {"0": {"status": "PASS", "message": "", "test_name": "test_WAN_EDIT_RES_1", "rerun": "0"}}, "status": {"total_pass": 1, "total_skip": 0, "total_xpass": 0, "total_xfail": 0, "total_rerun": 0, "total_fail": 0, "total_error": 0}}, "244": {"suite_name": "testcase/Group_3/WanEdit/test_WAN_EDIT_STATIC_ipv4_To_STATIC_dual.py", "tests": {"0": {"status": "PASS", "message": "", "test_name": "test_WAN_EDIT_RES_1", "rerun": "0"}}, "status": {"total_pass": 1, "total_skip": 0, "total_xpass": 0, "total_xfail": 0, "total_rerun": 0, "total_fail": 0, "total_error": 0}}, "245": {"suite_name": "testcase/Group_3/WanEdit/test_WAN_EDIT_WAN0_To_DHCP_IPv4.py", "tests": {"0": {"status": "PASS", "message": "", "test_name": "test_WAN_EDIT_RES_1", "rerun": "0"}}, "status": {"total_pass": 1, "total_skip": 0, "total_xpass": 0, "total_xfail": 0, "total_rerun": 0, "total_fail": 0, "total_error": 0}}, "246": {"suite_name": "testcase/Group_3/WanEdit/test_WAN_EDIT_WAN0_To_DHCP_IPv6.py", "tests": {"0": {"status": "PASS", "message": "", "test_name": "test_WAN_EDIT_RES_1", "rerun": "0"}}, "status": {"total_pass": 1, "total_skip": 0, "total_xpass": 0, "total_xfail": 0, "total_rerun": 0, "total_fail": 0, "total_error": 0}}, "247": {"suite_name": "testcase/Group_3/WanEdit/test_WAN_EDIT_WAN0_To_DHCP_dual.py", "tests": {"0": {"status": "PASS", "message": "", "test_name": "test_WAN_EDIT_RES_1", "rerun": "0"}}, "status": {"total_pass": 1, "total_skip": 0, "total_xpass": 0, "total_xfail": 0, "total_rerun": 0, "total_fail": 0, "total_error": 0}}, "248": {"suite_name": "testcase/Group_3/WanEdit/test_WAN_EDIT_WAN0_To_L2TP.py", "tests": {"0": {"status": "PASS", "message": "", "test_name": "test_WAN_EDIT_RES_1", "rerun": "0"}}, "status": {"total_pass": 1, "total_skip": 0, "total_xpass": 0, "total_xfail": 0, "total_rerun": 0, "total_fail": 0, "total_error": 0}}, "249": {"suite_name": "testcase/Group_3/WanEdit/test_WAN_EDIT_WAN0_To_PPPoE_Dual.py", "tests": {"0": {"status": "PASS", "message": "", "test_name": "test_WAN_EDIT_RES_1", "rerun": "0"}}, "status": {"total_pass": 1, "total_skip": 0, "total_xpass": 0, "total_xfail": 0, "total_rerun": 0, "total_fail": 0, "total_error": 0}}, "250": {"suite_name": "testcase/Group_3/WanEdit/test_WAN_EDIT_WAN0_To_PPPoE_IPv4.py", "tests": {"0": {"status": "PASS", "message": "", "test_name": "test_WAN_EDIT_RES_1", "rerun": "0"}}, "status": {"total_pass": 1, "total_skip": 0, "total_xpass": 0, "total_xfail": 0, "total_rerun": 0, "total_fail": 0, "total_error": 0}}, "251": {"suite_name": "testcase/Group_3/WanEdit/test_WAN_EDIT_WAN0_To_PPTP.py", "tests": {"0": {"status": "PASS", "message": "", "test_name": "test_WAN_EDIT_RES_1", "rerun": "0"}}, "status": {"total_pass": 1, "total_skip": 0, "total_xpass": 0, "total_xfail": 0, "total_rerun": 0, "total_fail": 0, "total_error": 0}}, "252": {"suite_name": "testcase/Group_3/WanEdit/test_WAN_EDIT_WAN0_To_STATIC_IPv4.py", "tests": {"0": {"status": "FAIL", "message": "       AssertionError: soft assertion failures:\n       1. Expected <10> to be equal to <1>, but was not.\n", "test_name": "test_WAN_EDIT_RES_1", "rerun": "0"}}, "status": {"total_pass": 0, "total_skip": 0, "total_xpass": 0, "total_xfail": 0, "total_rerun": 0, "total_fail": 1, "total_error": 0}}, "253": {"suite_name": "testcase/Group_3/WanEdit/test_WAN_EDIT_WAN0_To_STATIC_IPv6.py", "tests": {"0": {"status": "PASS", "message": "", "test_name": "test_WAN_EDIT_RES_1", "rerun": "0"}}, "status": {"total_pass": 1, "total_skip": 0, "total_xpass": 0, "total_xfail": 0, "total_rerun": 0, "total_fail": 0, "total_error": 0}}, "254": {"suite_name": "testcase/Group_3/WanEdit/test_WAN_EDIT_WAN0_To_STATIC_dual.py", "tests": {"0": {"status": "PASS", "message": "", "test_name": "test_WAN_EDIT_RES_1", "rerun": "0"}}, "status": {"total_pass": 1, "total_skip": 0, "total_xpass": 0, "total_xfail": 0, "total_rerun": 0, "total_fail": 0, "total_error": 0}}, "255": {"suite_name": "testcase/Group_3/WanEdit/test_WAN_EDIT_WAN2_To_DHCP_IPv4.py", "tests": {"0": {"status": "FAIL", "message": "           AssertionError: soft assertion failures:\n           1. [STATUS ERROR] Expected <10> to be equal to <0>, but was not.\n           2. [MESSAGE ERROR] Expected <Miss Attribute> to be equal to <Success>, but was not.\n", "test_name": "test_WAN_EDIT_RES_1", "rerun": "0"}}, "status": {"total_pass": 0, "total_skip": 0, "total_xpass": 0, "total_xfail": 0, "total_rerun": 0, "total_fail": 1, "total_error": 0}}, "256": {"suite_name": "testcase/Group_3/WanEdit/test_WAN_EDIT_WAN2_To_DHCP_IPv6.py", "tests": {"0": {"status": "FAIL", "message": "           AssertionError: soft assertion failures:\n           1. [STATUS ERROR] Expected <10> to be equal to <0>, but was not.\n           2. [MESSAGE ERROR] Expected <Miss Attribute> to be equal to <Success>, but was not.\n", "test_name": "test_WAN_EDIT_RES_1", "rerun": "0"}}, "status": {"total_pass": 0, "total_skip": 0, "total_xpass": 0, "total_xfail": 0, "total_rerun": 0, "total_fail": 1, "total_error": 0}}, "257": {"suite_name": "testcase/Group_3/WanEdit/test_WAN_EDIT_WAN2_To_DHCP_dual.py", "tests": {"0": {"status": "FAIL", "message": "       selenium.common.exceptions.UnexpectedAlertPresentException: Alert Text: Session timed out:You have been logged out successfully / relogin to access webserver\n       Message: unexpected alert open: {Alert text : Session timed out:You have been logged out successfully / relogin to access webserver}\n         (Session info: chrome=107.0.5304.88)\n       Exception: Element cannot clickable!\n       Alert Text: Session timed out:You have been logged out successfully / relogin to access webserver\n       Message: unexpected alert open: {Alert text : Session timed out:You have been logged out successfully / relogin to access webserver}\n         (Session info: chrome=107.0.5304.88)\n", "test_name": "test_WAN_EDIT_RES_1", "rerun": "0"}}, "status": {"total_pass": 0, "total_skip": 0, "total_xpass": 0, "total_xfail": 0, "total_rerun": 0, "total_fail": 1, "total_error": 0}}, "258": {"suite_name": "testcase/Group_3/WanEdit/test_WAN_EDIT_WAN2_To_L2TP.py", "tests": {"0": {"status": "FAIL", "message": "       selenium.common.exceptions.UnexpectedAlertPresentException: Alert Text: Session timed out:You have been logged out successfully / relogin to access webserver\n       Message: unexpected alert open: {Alert text : Session timed out:You have been logged out successfully / relogin to access webserver}\n         (Session info: chrome=107.0.5304.88)\n       Exception: Element cannot clickable!\n       Alert Text: Session timed out:You have been logged out successfully / relogin to access webserver\n       Message: unexpected alert open: {Alert text : Session timed out:You have been logged out successfully / relogin to access webserver}\n         (Session info: chrome=107.0.5304.88)\n", "test_name": "test_WAN_EDIT_RES_1", "rerun": "0"}}, "status": {"total_pass": 0, "total_skip": 0, "total_xpass": 0, "total_xfail": 0, "total_rerun": 0, "total_fail": 1, "total_error": 0}}, "259": {"suite_name": "testcase/Group_3/WanEdit/test_WAN_EDIT_WAN2_To_PPPoE_Dual.py", "tests": {"0": {"status": "FAIL", "message": "           AssertionError: soft assertion failures:\n           1. [STATUS ERROR] Expected <10> to be equal to <0>, but was not.\n           2. [MESSAGE ERROR] Expected <Miss Attribute> to be equal to <Success>, but was not.\n", "test_name": "test_WAN_EDIT_RES_1", "rerun": "0"}}, "status": {"total_pass": 0, "total_skip": 0, "total_xpass": 0, "total_xfail": 0, "total_rerun": 0, "total_fail": 1, "total_error": 0}}, "260": {"suite_name": "testcase/Group_3/WanEdit/test_WAN_EDIT_WAN2_To_PPPoE_IPv4.py", "tests": {"0": {"status": "FAIL", "message": "           AssertionError: soft assertion failures:\n           1. [STATUS ERROR] Expected <10> to be equal to <0>, but was not.\n           2. [MESSAGE ERROR] Expected <Miss Attribute> to be equal to <Success>, but was not.\n", "test_name": "test_WAN_EDIT_RES_1", "rerun": "0"}}, "status": {"total_pass": 0, "total_skip": 0, "total_xpass": 0, "total_xfail": 0, "total_rerun": 0, "total_fail": 1, "total_error": 0}}, "261": {"suite_name": "testcase/Group_3/WanEdit/test_WAN_EDIT_WAN2_To_PPTP.py", "tests": {"0": {"status": "FAIL", "message": "       selenium.common.exceptions.UnexpectedAlertPresentException: Alert Text: Session timed out:You have been logged out successfully / relogin to access webserver\n       Message: unexpected alert open: {Alert text : Session timed out:You have been logged out successfully / relogin to access webserver}\n         (Session info: chrome=107.0.5304.88)\n       Exception: Element cannot clickable!\n       Alert Text: Session timed out:You have been logged out successfully / relogin to access webserver\n       Message: unexpected alert open: {Alert text : Session timed out:You have been logged out successfully / relogin to access webserver}\n         (Session info: chrome=107.0.5304.88)\n", "test_name": "test_WAN_EDIT_RES_1", "rerun": "0"}}, "status": {"total_pass": 0, "total_skip": 0, "total_xpass": 0, "total_xfail": 0, "total_rerun": 0, "total_fail": 1, "total_error": 0}}, "262": {"suite_name": "testcase/Group_3/WanEdit/test_WAN_EDIT_WAN2_To_STATIC_IPv4.py", "tests": {"0": {"status": "FAIL", "message": "           AssertionError: soft assertion failures:\n           1. [STATUS ERROR] Expected <10> to be equal to <0>, but was not.\n           2. [MESSAGE ERROR] Expected <Miss Attribute> to be equal to <Success>, but was not.\n", "test_name": "test_WAN_EDIT_RES_1", "rerun": "0"}}, "status": {"total_pass": 0, "total_skip": 0, "total_xpass": 0, "total_xfail": 0, "total_rerun": 0, "total_fail": 1, "total_error": 0}}, "263": {"suite_name": "testcase/Group_3/WanEdit/test_WAN_EDIT_WAN2_To_STATIC_IPv6.py", "tests": {"0": {"status": "FAIL", "message": "           AssertionError: soft assertion failures:\n           1. [STATUS ERROR] Expected <10> to be equal to <0>, but was not.\n           2. [MESSAGE ERROR] Expected <Miss Attribute> to be equal to <Success>, but was not.\n", "test_name": "test_WAN_EDIT_RES_1", "rerun": "0"}}, "status": {"total_pass": 0, "total_skip": 0, "total_xpass": 0, "total_xfail": 0, "total_rerun": 0, "total_fail": 1, "total_error": 0}}, "264": {"suite_name": "testcase/Group_3/WanEdit/test_WAN_EDIT_WAN2_To_STATIC_dual.py", "tests": {"0": {"status": "FAIL", "message": "           AssertionError: soft assertion failures:\n           1. [STATUS ERROR] Expected <10> to be equal to <0>, but was not.\n           2. [MESSAGE ERROR] Expected <Miss Attribute> to be equal to <Success>, but was not.\n", "test_name": "test_WAN_EDIT_RES_1", "rerun": "0"}}, "status": {"total_pass": 0, "total_skip": 0, "total_xpass": 0, "total_xfail": 0, "total_rerun": 0, "total_fail": 1, "total_error": 0}}, "265": {"suite_name": "testcase/Group_3/WanEdit/test_WAN_EDIT_WAN3_To_DHCP_IPv4.py", "tests": {"0": {"status": "FAIL", "message": "           AssertionError: soft assertion failures:\n           1. [STATUS ERROR] Expected <10> to be equal to <0>, but was not.\n           2. [MESSAGE ERROR] Expected <Miss Attribute> to be equal to <Success>, but was not.\n", "test_name": "test_WAN_EDIT_RES_1", "rerun": "0"}}, "status": {"total_pass": 0, "total_skip": 0, "total_xpass": 0, "total_xfail": 0, "total_rerun": 0, "total_fail": 1, "total_error": 0}}, "266": {"suite_name": "testcase/Group_3/WanEdit/test_WAN_EDIT_WAN3_To_DHCP_IPv6.py", "tests": {"0": {"status": "FAIL", "message": "           AssertionError: soft assertion failures:\n           1. [STATUS ERROR] Expected <10> to be equal to <0>, but was not.\n           2. [MESSAGE ERROR] Expected <Miss Attribute> to be equal to <Success>, but was not.\n", "test_name": "test_WAN_EDIT_RES_1", "rerun": "0"}}, "status": {"total_pass": 0, "total_skip": 0, "total_xpass": 0, "total_xfail": 0, "total_rerun": 0, "total_fail": 1, "total_error": 0}}, "267": {"suite_name": "testcase/Group_3/WanEdit/test_WAN_EDIT_WAN3_To_DHCP_dual.py", "tests": {"0": {"status": "FAIL", "message": "           AssertionError: soft assertion failures:\n           1. [STATUS ERROR] Expected <10> to be equal to <0>, but was not.\n           2. [MESSAGE ERROR] Expected <Miss Attribute> to be equal to <Success>, but was not.\n", "test_name": "test_WAN_EDIT_RES_1", "rerun": "0"}}, "status": {"total_pass": 0, "total_skip": 0, "total_xpass": 0, "total_xfail": 0, "total_rerun": 0, "total_fail": 1, "total_error": 0}}, "268": {"suite_name": "testcase/Group_3/WanEdit/test_WAN_EDIT_WAN3_To_L2TP.py", "tests": {"0": {"status": "FAIL", "message": "       selenium.common.exceptions.UnexpectedAlertPresentException: Alert Text: Session timed out:You have been logged out successfully / relogin to access webserver\n       Message: unexpected alert open: {Alert text : Session timed out:You have been logged out successfully / relogin to access webserver}\n         (Session info: chrome=107.0.5304.88)\n       Exception: Element cannot clickable!\n       Alert Text: Session timed out:You have been logged out successfully / relogin to access webserver\n       Message: unexpected alert open: {Alert text : Session timed out:You have been logged out successfully / relogin to access webserver}\n         (Session info: chrome=107.0.5304.88)\n", "test_name": "test_WAN_EDIT_RES_1", "rerun": "0"}}, "status": {"total_pass": 0, "total_skip": 0, "total_xpass": 0, "total_xfail": 0, "total_rerun": 0, "total_fail": 1, "total_error": 0}}, "269": {"suite_name": "testcase/Group_3/WanEdit/test_WAN_EDIT_WAN3_To_PPPoE_Dual.py", "tests": {"0": {"status": "FAIL", "message": "           AssertionError: soft assertion failures:\n           1. [STATUS ERROR] Expected <10> to be equal to <0>, but was not.\n           2. [MESSAGE ERROR] Expected <Miss Attribute> to be equal to <Success>, but was not.\n", "test_name": "test_WAN_EDIT_RES_1", "rerun": "0"}}, "status": {"total_pass": 0, "total_skip": 0, "total_xpass": 0, "total_xfail": 0, "total_rerun": 0, "total_fail": 1, "total_error": 0}}, "270": {"suite_name": "testcase/Group_3/WanEdit/test_WAN_EDIT_WAN3_To_PPPoE_IPv4.py", "tests": {"0": {"status": "FAIL", "message": "           AssertionError: soft assertion failures:\n           1. [STATUS ERROR] Expected <10> to be equal to <0>, but was not.\n           2. [MESSAGE ERROR] Expected <Miss Attribute> to be equal to <Success>, but was not.\n", "test_name": "test_WAN_EDIT_RES_1", "rerun": "0"}}, "status": {"total_pass": 0, "total_skip": 0, "total_xpass": 0, "total_xfail": 0, "total_rerun": 0, "total_fail": 1, "total_error": 0}}, "271": {"suite_name": "testcase/Group_3/WanEdit/test_WAN_EDIT_WAN3_To_PPTP.py", "tests": {"0": {"status": "FAIL", "message": "       selenium.common.exceptions.UnexpectedAlertPresentException: Alert Text: Please reconnect wifi!\n       Message: unexpected alert open: {Alert text : Please reconnect wifi!}\n         (Session info: chrome=107.0.5304.88)\n       Exception: Element cannot clickable!\n       Alert Text: Please reconnect wifi!\n       Message: unexpected alert open: {Alert text : Please reconnect wifi!}\n         (Session info: chrome=107.0.5304.88)\n", "test_name": "test_WAN_EDIT_RES_1", "rerun": "0"}}, "status": {"total_pass": 0, "total_skip": 0, "total_xpass": 0, "total_xfail": 0, "total_rerun": 0, "total_fail": 1, "total_error": 0}}, "272": {"suite_name": "testcase/Group_3/WanEdit/test_WAN_EDIT_WAN3_To_STATIC_IPv4.py", "tests": {"0": {"status": "FAIL", "message": "           AssertionError: soft assertion failures:\n           1. [STATUS ERROR] Expected <10> to be equal to <0>, but was not.\n           2. [MESSAGE ERROR] Expected <Miss Attribute> to be equal to <Success>, but was not.\n", "test_name": "test_WAN_EDIT_RES_1", "rerun": "0"}}, "status": {"total_pass": 0, "total_skip": 0, "total_xpass": 0, "total_xfail": 0, "total_rerun": 0, "total_fail": 1, "total_error": 0}}, "273": {"suite_name": "testcase/Group_3/WanEdit/test_WAN_EDIT_WAN3_To_STATIC_IPv6.py", "tests": {"0": {"status": "FAIL", "message": "           AssertionError: soft assertion failures:\n           1. [STATUS ERROR] Expected <10> to be equal to <0>, but was not.\n           2. [MESSAGE ERROR] Expected <Miss Attribute> to be equal to <Success>, but was not.\n", "test_name": "test_WAN_EDIT_RES_1", "rerun": "0"}}, "status": {"total_pass": 0, "total_skip": 0, "total_xpass": 0, "total_xfail": 0, "total_rerun": 0, "total_fail": 1, "total_error": 0}}, "274": {"suite_name": "testcase/Group_3/WanEdit/test_WAN_EDIT_WAN3_To_STATIC_dual.py", "tests": {"0": {"status": "FAIL", "message": "           AssertionError: soft assertion failures:\n           1. [STATUS ERROR] Expected <10> to be equal to <0>, but was not.\n           2. [MESSAGE ERROR] Expected <Miss Attribute> to be equal to <Success>, but was not.\n", "test_name": "test_WAN_EDIT_RES_1", "rerun": "0"}}, "status": {"total_pass": 0, "total_skip": 0, "total_xpass": 0, "total_xfail": 0, "total_rerun": 0, "total_fail": 1, "total_error": 0}}, "275": {"suite_name": "testcase/Group_3/radio2GView/test_RADIO24GVIEW_ACT_1.py", "tests": {"0": {"status": "PASS", "message": "", "test_name": "test_RADIO24GVIEW_ACT_1", "rerun": "0"}}, "status": {"total_pass": 1, "total_skip": 0, "total_xpass": 0, "total_xfail": 0, "total_rerun": 0, "total_fail": 0, "total_error": 0}}, "276": {"suite_name": "testcase/Group_3/radio2GView/test_RADIO24GVIEW_ACT_2.py", "tests": {"0": {"status": "PASS", "message": "", "test_name": "test_RADIO24GVIEW_ACT_2", "rerun": "0"}}, "status": {"total_pass": 1, "total_skip": 0, "total_xpass": 0, "total_xfail": 0, "total_rerun": 0, "total_fail": 0, "total_error": 0}}, "277": {"suite_name": "testcase/Group_3/radio2GView/test_RADIO24GVIEW_ACT_3.py", "tests": {"0": {"status": "PASS", "message": "", "test_name": "test_RADIO24GVIEW_ACT_3", "rerun": "0"}}, "status": {"total_pass": 1, "total_skip": 0, "total_xpass": 0, "total_xfail": 0, "total_rerun": 0, "total_fail": 0, "total_error": 0}}, "278": {"suite_name": "testcase/Group_3/radio2GView/test_RADIO24GVIEW_ACT_4.py", "tests": {"0": {"status": "PASS", "message": "", "test_name": "test_RADIO24GVIEW_ACT_3", "rerun": "0"}}, "status": {"total_pass": 1, "total_skip": 0, "total_xpass": 0, "total_xfail": 0, "total_rerun": 0, "total_fail": 0, "total_error": 0}}, "279": {"suite_name": "testcase/Group_3/radio2GView/test_RADIO24GVIEW_ACT_5.py", "tests": {"0": {"status": "PASS", "message": "", "test_name": "test_RADIO24GVIEW_ACT_3", "rerun": "0"}}, "status": {"total_pass": 1, "total_skip": 0, "total_xpass": 0, "total_xfail": 0, "total_rerun": 0, "total_fail": 0, "total_error": 0}}, "280": {"suite_name": "testcase/Group_3/radio2GView/test_RADIO24GVIEW_ACT_6.py", "tests": {"0": {"status": "PASS", "message": "", "test_name": "test_RADIO24GVIEW_ACT_3", "rerun": "0"}}, "status": {"total_pass": 1, "total_skip": 0, "total_xpass": 0, "total_xfail": 0, "total_rerun": 0, "total_fail": 0, "total_error": 0}}, "281": {"suite_name": "testcase/Group_3/radio2GView/test_RADIO24GVIEW_ACT_7.py", "tests": {"0": {"status": "PASS", "message": "", "test_name": "test_RADIO24GVIEW_ACT_7", "rerun": "0"}}, "status": {"total_pass": 1, "total_skip": 0, "total_xpass": 0, "total_xfail": 0, "total_rerun": 0, "total_fail": 0, "total_error": 0}}, "282": {"suite_name": "testcase/Group_3/radio2GView/test_RADIO24GVIEW_ACT_8.py", "tests": {"0": {"status": "PASS", "message": "", "test_name": "test_RADIO24GVIEW_ACT_7", "rerun": "0"}}, "status": {"total_pass": 1, "total_skip": 0, "total_xpass": 0, "total_xfail": 0, "total_rerun": 0, "total_fail": 0, "total_error": 0}}, "283": {"suite_name": "testcase/Group_3/radio2GView/test_RADIO24GVIEW_MISS_ATTB.py", "tests": {"0": {"status": "PASS", "message": "", "test_name": "test_RADIO24GVIEW_ACT_2", "rerun": "0"}}, "status": {"total_pass": 1, "total_skip": 0, "total_xpass": 0, "total_xfail": 0, "total_rerun": 0, "total_fail": 0, "total_error": 0}}, "284": {"suite_name": "testcase/Group_3/radio2GView/test_RADIO24GVIEW_MISS_REQID.py", "tests": {"0": {"status": "PASS", "message": "", "test_name": "test_RADIO24GVIEW_ACT_2", "rerun": "0"}}, "status": {"total_pass": 1, "total_skip": 0, "total_xpass": 0, "total_xfail": 0, "total_rerun": 0, "total_fail": 0, "total_error": 0}}, "285": {"suite_name": "testcase/Group_3/radio2GView/test_RADIO24GVIEW_REQID_1.py", "tests": {"0": {"status": "PASS", "message": "", "test_name": "test_RADIO24GVIEW_RES_1", "rerun": "0"}}, "status": {"total_pass": 1, "total_skip": 0, "total_xpass": 0, "total_xfail": 0, "total_rerun": 0, "total_fail": 0, "total_error": 0}}, "286": {"suite_name": "testcase/Group_3/radio2GView/test_RADIO24GVIEW_REQID_2.py", "tests": {"0": {"status": "PASS", "message": "", "test_name": "test_RADIO24GVIEW_RES_2", "rerun": "0"}}, "status": {"total_pass": 1, "total_skip": 0, "total_xpass": 0, "total_xfail": 0, "total_rerun": 0, "total_fail": 0, "total_error": 0}}, "287": {"suite_name": "testcase/Group_3/radio2GView/test_RADIO24GVIEW_REQID_3.py", "tests": {"0": {"status": "PASS", "message": "", "test_name": "test_RADIO24GVIEW_RES_3", "rerun": "0"}}, "status": {"total_pass": 1, "total_skip": 0, "total_xpass": 0, "total_xfail": 0, "total_rerun": 0, "total_fail": 0, "total_error": 0}}, "288": {"suite_name": "testcase/Group_3/radio2GView/test_RADIO24GVIEW_REQID_4.py", "tests": {"0": {"status": "PASS", "message": "", "test_name": "test_RADIO24GVIEW_RES_4", "rerun": "0"}}, "status": {"total_pass": 1, "total_skip": 0, "total_xpass": 0, "total_xfail": 0, "total_rerun": 0, "total_fail": 0, "total_error": 0}}, "289": {"suite_name": "testcase/Group_3/radio2GView/test_RADIO24GVIEW_REQID_5.py", "tests": {"0": {"status": "PASS", "message": "", "test_name": "test_RADIO24GVIEW_RES_5", "rerun": "0"}}, "status": {"total_pass": 1, "total_skip": 0, "total_xpass": 0, "total_xfail": 0, "total_rerun": 0, "total_fail": 0, "total_error": 0}}, "290": {"suite_name": "testcase/Group_3/radio2GView/test_RADIO24GVIEW_REQID_6.py", "tests": {"0": {"status": "PASS", "message": "", "test_name": "test_RADIO24GVIEW_RES_6", "rerun": "0"}}, "status": {"total_pass": 1, "total_skip": 0, "total_xpass": 0, "total_xfail": 0, "total_rerun": 0, "total_fail": 0, "total_error": 0}}, "291": {"suite_name": "testcase/Group_3/radio2GView/test_RADIO24GVIEW_RES_1.py", "tests": {"0": {"status": "PASS", "message": "", "test_name": "test_RADIO24GVIEW_RES_6", "rerun": "0"}}, "status": {"total_pass": 1, "total_skip": 0, "total_xpass": 0, "total_xfail": 0, "total_rerun": 0, "total_fail": 0, "total_error": 0}}, "292": {"suite_name": "testcase/Group_3/radio2GView/test_RADIO24GVIEW_RES_2.py", "tests": {"0": {"status": "PASS", "message": "", "test_name": "test_RADIO24GVIEW_RES_6", "rerun": "0"}}, "status": {"total_pass": 1, "total_skip": 0, "total_xpass": 0, "total_xfail": 0, "total_rerun": 0, "total_fail": 0, "total_error": 0}}, "293": {"suite_name": "testcase/Group_3/radio2GView/test_RADIO24GVIEW_RES_3.py", "tests": {"0": {"status": "PASS", "message": "", "test_name": "test_RADIO24GVIEW_RES_6", "rerun": "0"}}, "status": {"total_pass": 1, "total_skip": 0, "total_xpass": 0, "total_xfail": 0, "total_rerun": 0, "total_fail": 0, "total_error": 0}}, "294": {"suite_name": "testcase/Group_3/radio2GView/test_RADIO2GVIEW_RESULT_1.py", "tests": {"0": {"status": "SKIP", "message": "('E:\\\\Auto_WorkingTesting\\\\Auto_API_MESH\\\\testcase\\\\radio2GView\\\\test_RADIO2GVIEW_RESULT_1.py', 20, 'Skipped: This element is alway Enable')\n", "test_name": "test_RADIO_2G_ACT_1", "rerun": "0"}}, "status": {"total_pass": 0, "total_skip": 0, "total_xpass": 0, "total_xfail": 0, "total_rerun": 0, "total_fail": 0, "total_error": 0}}, "295": {"suite_name": "testcase/Group_3/radio2GView/test_RADIO2GVIEW_RESULT_2.py", "tests": {"0": {"status": "PASS", "message": "", "test_name": "test_RADIO_2G_ACT_1", "rerun": "0"}}, "status": {"total_pass": 1, "total_skip": 0, "total_xpass": 0, "total_xfail": 0, "total_rerun": 0, "total_fail": 0, "total_error": 0}}, "296": {"suite_name": "testcase/Group_3/radio2GView/test_RADIO2GVIEW_RESULT_3.py", "tests": {"0": {"status": "FAIL", "message": "       selenium.common.exceptions.UnexpectedAlertPresentException: Alert Text: Invalid txpower, value must be 1 - 25!\n       Message: unexpected alert open: {Alert text : Invalid txpower, value must be 1 - 25!}\n         (Session info: chrome=107.0.5304.88)\n       Exception: Element cannot clickable!\n       Alert Text: Invalid txpower, value must be 1 - 25!\n       Message: unexpected alert open: {Alert text : Invalid txpower, value must be 1 - 25!}\n         (Session info: chrome=107.0.5304.88)\n", "test_name": "test_RADIO_2G_BANDWITH_1", "rerun": "0"}}, "status": {"total_pass": 0, "total_skip": 0, "total_xpass": 0, "total_xfail": 0, "total_rerun": 0, "total_fail": 1, "total_error": 0}}, "297": {"suite_name": "testcase/Group_3/radio2GView/test_RADIO2GVIEW_RESULT_4.py", "tests": {"0": {"status": "FAIL", "message": "           AssertionError: soft assertion failures:\n           1. [auto] Expected <auto> to be equal to <4>, but was not.\n           2. [3] Expected <3> to be equal to <2>, but was not.\n           3. [11] Expected <11> to be equal to <10>, but was not.\n", "test_name": "test_RADIO_2G_CHANNEL_1", "rerun": "0"}}, "status": {"total_pass": 0, "total_skip": 0, "total_xpass": 0, "total_xfail": 0, "total_rerun": 0, "total_fail": 1, "total_error": 0}}, "298": {"suite_name": "testcase/Group_3/wanRemove/test_WANREMOVE_IDX_5.py", "tests": {"0": {"status": "PASS", "message": "", "test_name": "test_WAN_REMOVE_RES_1", "rerun": "0"}}, "status": {"total_pass": 1, "total_skip": 0, "total_xpass": 0, "total_xfail": 0, "total_rerun": 0, "total_fail": 0, "total_error": 0}}, "299": {"suite_name": "testcase/Group_3/wanRemove/test_WANREMOVE_RES_123.py", "tests": {"0": {"status": "PASS", "message": "", "test_name": "test_WAN_REMOVE_RES_1", "rerun": "0"}}, "status": {"total_pass": 1, "total_skip": 0, "total_xpass": 0, "total_xfail": 0, "total_rerun": 0, "total_fail": 0, "total_error": 0}}, "300": {"suite_name": "testcase/Group_3/wanRemove/test_WANREMOVE_RES_132.py", "tests": {"0": {"status": "PASS", "message": "", "test_name": "test_WAN_REMOVE_RES_1", "rerun": "0"}}, "status": {"total_pass": 1, "total_skip": 0, "total_xpass": 0, "total_xfail": 0, "total_rerun": 0, "total_fail": 0, "total_error": 0}}, "301": {"suite_name": "testcase/Group_3/wanRemove/test_WANREMOVE_RES_213.py", "tests": {"0": {"status": "PASS", "message": "", "test_name": "test_WAN_REMOVE_RES_1", "rerun": "0"}}, "status": {"total_pass": 1, "total_skip": 0, "total_xpass": 0, "total_xfail": 0, "total_rerun": 0, "total_fail": 0, "total_error": 0}}, "302": {"suite_name": "testcase/Group_3/wanRemove/test_WANREMOVE_RES_231.py", "tests": {"0": {"status": "PASS", "message": "", "test_name": "test_WAN_REMOVE_RES_1", "rerun": "0"}}, "status": {"total_pass": 1, "total_skip": 0, "total_xpass": 0, "total_xfail": 0, "total_rerun": 0, "total_fail": 0, "total_error": 0}}, "303": {"suite_name": "testcase/Group_3/wanRemove/test_WANREMOVE_RES_312.py", "tests": {"0": {"status": "PASS", "message": "", "test_name": "test_WAN_REMOVE_RES_1", "rerun": "0"}}, "status": {"total_pass": 1, "total_skip": 0, "total_xpass": 0, "total_xfail": 0, "total_rerun": 0, "total_fail": 0, "total_error": 0}}, "304": {"suite_name": "testcase/Group_3/wanRemove/test_WANREMOVE_RES_321.py", "tests": {"0": {"status": "PASS", "message": "", "test_name": "test_WAN_REMOVE_RES_1", "rerun": "0"}}, "status": {"total_pass": 1, "total_skip": 0, "total_xpass": 0, "total_xfail": 0, "total_rerun": 0, "total_fail": 0, "total_error": 0}}, "305": {"suite_name": "testcase/Group_3/wanRemove/test_WANREMOVE_RES_7.py", "tests": {"0": {"status": "FAIL", "message": "           AssertionError: soft assertion failures:\n           1. [STATUS ERROR] Expected <12> to be equal to <11>, but was not.\n           2. [MESSAGE ERROR] Expected <Unknown Error> to be equal to <Verify Fail>, but was not.\n", "test_name": "test_WAN_REMOVE_RES_1", "rerun": "0"}}, "status": {"total_pass": 0, "total_skip": 0, "total_xpass": 0, "total_xfail": 0, "total_rerun": 0, "total_fail": 1, "total_error": 0}}, "306": {"suite_name": "testcase/Group_3/wanRemove/test_WANREMOVE_RES_8_REWAN0.py", "tests": {"0": {"status": "PASS", "message": "", "test_name": "test_WAN_REMOVE_RES_1", "rerun": "0"}}, "status": {"total_pass": 1, "total_skip": 0, "total_xpass": 0, "total_xfail": 0, "total_rerun": 0, "total_fail": 0, "total_error": 0}}, "307": {"suite_name": "testcase/Group_3/wanRemove/test_WANREMOVE_REWAN1_ADD_WAN1.py", "tests": {"0": {"status": "PASS", "message": "", "test_name": "test_WAN_REMOVE_RES_1", "rerun": "0"}}, "status": {"total_pass": 1, "total_skip": 0, "total_xpass": 0, "total_xfail": 0, "total_rerun": 0, "total_fail": 0, "total_error": 0}}, "308": {"suite_name": "testcase/Group_3/wanRemove/test_WANREMOVE_REWAN1_ADD_WAN23.py", "tests": {"0": {"status": "PASS", "message": "", "test_name": "test_WAN_REMOVE_RES_1", "rerun": "0"}}, "status": {"total_pass": 1, "total_skip": 0, "total_xpass": 0, "total_xfail": 0, "total_rerun": 0, "total_fail": 0, "total_error": 0}}, "309": {"suite_name": "testcase/Group_3/wanRemove/test_WANREMOVE_REWAN2_ADD_WAN13.py", "tests": {"0": {"status": "FAIL", "message": "           AssertionError: soft assertion failures:\n           1. [STATUS ERROR] Expected <11> to be equal to <11>, but was not.\n", "test_name": "test_WAN_REMOVE_RES_1", "rerun": "0"}}, "status": {"total_pass": 0, "total_skip": 0, "total_xpass": 0, "total_xfail": 0, "total_rerun": 0, "total_fail": 1, "total_error": 0}}, "310": {"suite_name": "testcase/Group_3/wanRemove/test_WANREMOVE_REWAN2_ADD_WAN2.py", "tests": {"0": {"status": "PASS", "message": "", "test_name": "test_WAN_REMOVE_RES_1", "rerun": "0"}}, "status": {"total_pass": 1, "total_skip": 0, "total_xpass": 0, "total_xfail": 0, "total_rerun": 0, "total_fail": 0, "total_error": 0}}, "311": {"suite_name": "testcase/Group_3/wanRemove/test_WANREMOVE_REWAN3_ADD_WAN12.py", "tests": {"0": {"status": "FAIL", "message": "           AssertionError: soft assertion failures:\n           1. [STATUS ERROR] Expected <11> to be equal to <11>, but was not.\n", "test_name": "test_WAN_REMOVE_RES_1", "rerun": "0"}}, "status": {"total_pass": 0, "total_skip": 0, "total_xpass": 0, "total_xfail": 0, "total_rerun": 0, "total_fail": 1, "total_error": 0}}, "312": {"suite_name": "testcase/Group_3/wanRemove/test_WANREMOVE_REWAN3_ADD_WAN3.py", "tests": {"0": {"status": "FAIL", "message": "       AssertionError: soft assertion failures:\n       1. Expected <4> to be equal to <3>, but was not.\n", "test_name": "test_WAN_REMOVE_RES_1", "rerun": "0"}}, "status": {"total_pass": 0, "total_skip": 0, "total_xpass": 0, "total_xfail": 0, "total_rerun": 0, "total_fail": 1, "total_error": 0}}, "313": {"suite_name": "testcase/Group_3/wanViewConfig/test_WANVIEW_ACT_1.py", "tests": {"0": {"status": "PASS", "message": "", "test_name": "test_WANVIEW_ACT_1", "rerun": "0"}}, "status": {"total_pass": 1, "total_skip": 0, "total_xpass": 0, "total_xfail": 0, "total_rerun": 0, "total_fail": 0, "total_error": 0}}, "314": {"suite_name": "testcase/Group_3/wanViewConfig/test_WANVIEW_ACT_2.py", "tests": {"0": {"status": "PASS", "message": "", "test_name": "test_WANVIEW_ACT_2", "rerun": "0"}}, "status": {"total_pass": 1, "total_skip": 0, "total_xpass": 0, "total_xfail": 0, "total_rerun": 0, "total_fail": 0, "total_error": 0}}, "315": {"suite_name": "testcase/Group_3/wanViewConfig/test_WANVIEW_ACT_3.py", "tests": {"0": {"status": "PASS", "message": "", "test_name": "test_WANVIEW_ACT_3", "rerun": "0"}}, "status": {"total_pass": 1, "total_skip": 0, "total_xpass": 0, "total_xfail": 0, "total_rerun": 0, "total_fail": 0, "total_error": 0}}, "316": {"suite_name": "testcase/Group_3/wanViewConfig/test_WANVIEW_ACT_4.py", "tests": {"0": {"status": "PASS", "message": "", "test_name": "test_WANVIEW_ACT_4", "rerun": "0"}}, "status": {"total_pass": 1, "total_skip": 0, "total_xpass": 0, "total_xfail": 0, "total_rerun": 0, "total_fail": 0, "total_error": 0}}, "317": {"suite_name": "testcase/Group_3/wanViewConfig/test_WANVIEW_ACT_5.py", "tests": {"0": {"status": "PASS", "message": "", "test_name": "test_WANVIEW_ACT_4", "rerun": "0"}}, "status": {"total_pass": 1, "total_skip": 0, "total_xpass": 0, "total_xfail": 0, "total_rerun": 0, "total_fail": 0, "total_error": 0}}, "318": {"suite_name": "testcase/Group_3/wanViewConfig/test_WANVIEW_ACT_6.py", "tests": {"0": {"status": "PASS", "message": "", "test_name": "test_WANVIEW_ACT_4", "rerun": "0"}}, "status": {"total_pass": 1, "total_skip": 0, "total_xpass": 0, "total_xfail": 0, "total_rerun": 0, "total_fail": 0, "total_error": 0}}, "319": {"suite_name": "testcase/Group_3/wanViewConfig/test_WANVIEW_ACT_7.py", "tests": {"0": {"status": "PASS", "message": "", "test_name": "test_WANVIEW_ACT_4", "rerun": "0"}}, "status": {"total_pass": 1, "total_skip": 0, "total_xpass": 0, "total_xfail": 0, "total_rerun": 0, "total_fail": 0, "total_error": 0}}, "320": {"suite_name": "testcase/Group_3/wanViewConfig/test_WANVIEW_ACT_8.py", "tests": {"0": {"status": "PASS", "message": "", "test_name": "test_WANVIEW_ACT_8", "rerun": "0"}}, "status": {"total_pass": 1, "total_skip": 0, "total_xpass": 0, "total_xfail": 0, "total_rerun": 0, "total_fail": 0, "total_error": 0}}, "321": {"suite_name": "testcase/Group_3/wanViewConfig/test_WANVIEW_MISS_ATTB.py", "tests": {"0": {"status": "PASS", "message": "", "test_name": "test_WANVIEW_ACT_2", "rerun": "0"}}, "status": {"total_pass": 1, "total_skip": 0, "total_xpass": 0, "total_xfail": 0, "total_rerun": 0, "total_fail": 0, "total_error": 0}}, "322": {"suite_name": "testcase/Group_3/wanViewConfig/test_WANVIEW_MISS_REQID.py", "tests": {"0": {"status": "PASS", "message": "", "test_name": "test_WANVIEW_ACT_2", "rerun": "0"}}, "status": {"total_pass": 1, "total_skip": 0, "total_xpass": 0, "total_xfail": 0, "total_rerun": 0, "total_fail": 0, "total_error": 0}}, "323": {"suite_name": "testcase/Group_3/wanViewConfig/test_WANVIEW_REQID_1.py", "tests": {"0": {"status": "PASS", "message": "", "test_name": "test_WANVIEW_REQID_1", "rerun": "0"}}, "status": {"total_pass": 1, "total_skip": 0, "total_xpass": 0, "total_xfail": 0, "total_rerun": 0, "total_fail": 0, "total_error": 0}}, "324": {"suite_name": "testcase/Group_3/wanViewConfig/test_WANVIEW_REQID_2.py", "tests": {"0": {"status": "PASS", "message": "", "test_name": "test_WANVIEW_REQID_2", "rerun": "0"}}, "status": {"total_pass": 1, "total_skip": 0, "total_xpass": 0, "total_xfail": 0, "total_rerun": 0, "total_fail": 0, "total_error": 0}}, "325": {"suite_name": "testcase/Group_3/wanViewConfig/test_WANVIEW_REQID_3.py", "tests": {"0": {"status": "PASS", "message": "", "test_name": "test_WANVIEW_REQID_3", "rerun": "0"}}, "status": {"total_pass": 1, "total_skip": 0, "total_xpass": 0, "total_xfail": 0, "total_rerun": 0, "total_fail": 0, "total_error": 0}}, "326": {"suite_name": "testcase/Group_3/wanViewConfig/test_WANVIEW_REQID_4.py", "tests": {"0": {"status": "PASS", "message": "", "test_name": "test_WANVIEW_REQID_4", "rerun": "0"}}, "status": {"total_pass": 1, "total_skip": 0, "total_xpass": 0, "total_xfail": 0, "total_rerun": 0, "total_fail": 0, "total_error": 0}}, "327": {"suite_name": "testcase/Group_3/wanViewConfig/test_WANVIEW_REQID_5.py", "tests": {"0": {"status": "PASS", "message": "", "test_name": "test_WANVIEW_REQID_4", "rerun": "0"}}, "status": {"total_pass": 1, "total_skip": 0, "total_xpass": 0, "total_xfail": 0, "total_rerun": 0, "total_fail": 0, "total_error": 0}}, "328": {"suite_name": "testcase/Group_3/wanViewConfig/test_WANVIEW_REQID_6.py", "tests": {"0": {"status": "PASS", "message": "", "test_name": "test_WANVIEW_REQID_4", "rerun": "0"}}, "status": {"total_pass": 1, "total_skip": 0, "total_xpass": 0, "total_xfail": 0, "total_rerun": 0, "total_fail": 0, "total_error": 0}}, "329": {"suite_name": "testcase/Group_3/wanViewConfig/test_WANVIEW_RES_1.py", "tests": {"0": {"status": "PASS", "message": "", "test_name": "test_WANVIEW_RES_1", "rerun": "0"}}, "status": {"total_pass": 1, "total_skip": 0, "total_xpass": 0, "total_xfail": 0, "total_rerun": 0, "total_fail": 0, "total_error": 0}}, "330": {"suite_name": "testcase/Group_3/wanViewConfig/test_WANVIEW_RES_2.py", "tests": {"0": {"status": "PASS", "message": "", "test_name": "test_WANVIEW_RES_1", "rerun": "0"}}, "status": {"total_pass": 1, "total_skip": 0, "total_xpass": 0, "total_xfail": 0, "total_rerun": 0, "total_fail": 0, "total_error": 0}}, "331": {"suite_name": "testcase/Group_3/wanViewConfig/test_WANVIEW_RES_3.py", "tests": {"0": {"status": "PASS", "message": "", "test_name": "test_WANVIEW_RES_1", "rerun": "0"}}, "status": {"total_pass": 1, "total_skip": 0, "total_xpass": 0, "total_xfail": 0, "total_rerun": 0, "total_fail": 0, "total_error": 0}}}}, "date": "November 16, 2022", "start_time": 1668558185.8078842, "total_suite": 332, "status": "FAIL", "status_list": {"pass": "257", "fail": "69", "skip": "0", "error": "4", "xpass": "0", "xfail": "0", "rerun": "0"}, "total_tests": "330"}